#
# There is insufficient memory for the Java Runtime Environment to continue.
# Native memory allocation (malloc) failed to allocate 9961472 bytes for committing reserved memory.
# Possible reasons:
#   The system is out of physical RAM or swap space
#   In 32 bit mode, the process size limit was hit
# Possible solutions:
#   Reduce memory load on the system
#   Increase physical memory or swap space
#   Check if swap backing store is full
#   Use 64 bit Java on a 64 bit OS
#   Decrease Java heap size (-Xmx/-Xms)
#   Decrease number of Java threads
#   Decrease Java thread stack sizes (-Xss)
#   Set larger code cache with -XX:ReservedCodeCacheSize=
# This output file may be truncated or incomplete.
#
#  Out of Memory Error (os_linux.cpp:2756), pid=21482, tid=140586090755840
#
# JRE version: Java(TM) SE Runtime Environment (7.0_80-b15) (build 1.7.0_80-b15)
# Java VM: Java HotSpot(TM) 64-Bit Server VM (24.80-b11 mixed mode linux-amd64 compressed oops)
# Failed to write core dump. Core dumps have been disabled. To enable core dumping, try "ulimit -c unlimited" before starting Java again
#

---------------  T H R E A D  ---------------

Current thread (0x00007fdcd0074800):  VMThread [stack: 0x00007fdcbfeff000,0x00007fdcc0000000] [id=21495]

Stack: [0x00007fdcbfeff000,0x00007fdcc0000000],  sp=0x00007fdcbfffe2a0,  free space=1020k
Native frames: (J=compiled Java code, j=interpreted, Vv=VM code, C=native code)
V  [libjvm.so+0x9a320a]  VMError::report_and_die()+0x2ea
V  [libjvm.so+0x498d3b]  report_vm_out_of_memory(char const*, int, unsigned long, char const*)+0x9b
V  [libjvm.so+0x82191e]  os::Linux::commit_memory_impl(char*, unsigned long, bool)+0xfe
V  [libjvm.so+0x821e69]  os::pd_commit_memory(char*, unsigned long, unsigned long, bool)+0x29
V  [libjvm.so+0x81bb6a]  os::commit_memory(char*, unsigned long, unsigned long, bool)+0x2a
V  [libjvm.so+0x88d623]  PSVirtualSpace::expand_by(unsigned long)+0x53
V  [libjvm.so+0x87ca80]  PSOldGen::expand(unsigned long)+0x170
V  [libjvm.so+0x87cc8b]  PSOldGen::resize(unsigned long)+0x1cb
V  [libjvm.so+0x885951]  PSParallelCompact::invoke_no_policy(bool)+0x9b1
V  [libjvm.so+0x88b8cd]  PSScavenge::invoke()+0x1ad
V  [libjvm.so+0x843f40]  ParallelScavengeHeap::failed_mem_allocate(unsigned long)+0x70
V  [libjvm.so+0x9a4a97]  VM_ParallelGCFailedAllocation::doit()+0x97
V  [libjvm.so+0x9abf35]  VM_Operation::evaluate()+0x55
V  [libjvm.so+0x9aa2fa]  VMThread::evaluate_operation(VM_Operation*)+0xba
V  [libjvm.so+0x9aa67e]  VMThread::loop()+0x1ce
V  [libjvm.so+0x9aaaf0]  VMThread::run()+0x70
V  [libjvm.so+0x8238c8]  java_start(Thread*)+0x108

VM_Operation (0x00007fdcd6ecd330): ParallelGCFailedAllocation, mode: safepoint, requested by thread 0x00007fdcd000c000


---------------  P R O C E S S  ---------------

Java Threads: ( => current thread )
  0x00007fdcd00a3800 JavaThread "Service Thread" daemon [_thread_blocked, id=21501, stack(0x00007fdcbf215000,0x00007fdcbf316000)]
  0x00007fdcd00a1800 JavaThread "C2 CompilerThread1" daemon [_thread_blocked, id=21500, stack(0x00007fdcbf316000,0x00007fdcbf417000)]
  0x00007fdcd009e800 JavaThread "C2 CompilerThread0" daemon [_thread_blocked, id=21499, stack(0x00007fdcbf417000,0x00007fdcbf518000)]
  0x00007fdcd009c000 JavaThread "Signal Dispatcher" daemon [_thread_blocked, id=21498, stack(0x00007fdcbf518000,0x00007fdcbf619000)]
  0x00007fdcd007b000 JavaThread "Finalizer" daemon [_thread_blocked, id=21497, stack(0x00007fdcbfcfd000,0x00007fdcbfdfe000)]
  0x00007fdcd0079000 JavaThread "Reference Handler" daemon [_thread_blocked, id=21496, stack(0x00007fdcbfdfe000,0x00007fdcbfeff000)]
  0x00007fdcd000c000 JavaThread "main" [_thread_blocked, id=21486, stack(0x00007fdcd6dce000,0x00007fdcd6ecf000)]

Other Threads:
=>0x00007fdcd0074800 VMThread [stack: 0x00007fdcbfeff000,0x00007fdcc0000000] [id=21495]
  0x00007fdcd00ae800 WatcherThread [stack: 0x00007fdcbf114000,0x00007fdcbf215000] [id=21502]

VM state:at safepoint (normal execution)

VM Mutex/Monitor currently owned by a thread:  ([mutex/lock_event])
[0x00007fdcd0007d50] ExpandHeap_lock - owner thread: 0x00007fdcd0074800
[0x00007fdcd00083d0] Threads_lock - owner thread: 0x00007fdcd0074800
[0x00007fdcd00088d0] Heap_lock - owner thread: 0x00007fdcd000c000

Heap
 PSYoungGen      total 310784K, used 0K [0x00000000eaa80000, 0x0000000100000000, 0x0000000100000000)
  eden space 271872K, 0% used [0x00000000eaa80000,0x00000000eaa80000,0x00000000fb400000)
  from space 38912K, 0% used [0x00000000fb400000,0x00000000fb400000,0x00000000fda00000)
  to   space 38912K, 0% used [0x00000000fda00000,0x00000000fda00000,0x0000000100000000)
 ParOldGen       total 112640K, used 38022K [0x00000000c0000000, 0x00000000c6e00000, 0x00000000eaa80000)
  object space 112640K, 33% used [0x00000000c0000000,0x00000000c2521a90,0x00000000c6e00000)
 PSPermGen       total 21504K, used 6956K [0x00000000bae00000, 0x00000000bc300000, 0x00000000c0000000)
  object space 21504K, 32% used [0x00000000bae00000,0x00000000bb4cb260,0x00000000bc300000)

Card table byte_map: [0x00007fdcccdd6000,0x00007fdccd000000] byte_map_base: 0x00007fdccc7ff000

Polling page: 0x00007fdcd6ef3000

Code Cache  [0x00007fdccd000000, 0x00007fdccd270000, 0x00007fdcd0000000)
 total_blobs=1060 nmethods=810 adapters=203 free_code_cache=46927Kb largest_free_block=48014144

Compilation events (10 events):
Event: 4.331 Thread 0x00007fdcd009e800  839             java.security.MessageDigest$Delegate::engineUpdate (11 bytes)
Event: 4.331 Thread 0x00007fdcd00a1800  838             java.security.MessageDigest::update (45 bytes)
Event: 4.391 Thread 0x00007fdcd009e800 nmethod 839 0x00007fdccd2275d0 code [0x00007fdccd227760, 0x00007fdccd227bf8]
Event: 4.391 Thread 0x00007fdcd00a1800 nmethod 838 0x00007fdccd1e8250 code [0x00007fdccd1e83e0, 0x00007fdccd1e88b8]
Event: 4.393 Thread 0x00007fdcd00a1800  840             java.util.zip.Adler32::update (51 bytes)
Event: 4.393 Thread 0x00007fdcd00a1800 nmethod 840 0x00007fdccd1e7e90 code [0x00007fdccd1e7fe0, 0x00007fdccd1e8108]
Event: 4.489 Thread 0x00007fdcd009e800  842   !         com.android.dex.Dex::computeSignature (91 bytes)
Event: 4.557 Thread 0x00007fdcd00a1800  843             com.android.dex.Dex::computeChecksum (82 bytes)
Event: 4.569 Thread 0x00007fdcd009e800 nmethod 842 0x00007fdccd2288d0 code [0x00007fdccd228aa0, 0x00007fdccd228f90]
Event: 4.590 Thread 0x00007fdcd00a1800 nmethod 843 0x00007fdccd2333d0 code [0x00007fdccd2335a0, 0x00007fdccd233ae0]

GC Heap History (10 events):
Event: 3.039 GC heap after
Heap after GC invocations=7 (full 0):
 PSYoungGen      total 151040K, used 17729K [0x00000000eaa80000, 0x00000000fd280000, 0x0000000100000000)
  eden space 126976K, 0% used [0x00000000eaa80000,0x00000000eaa80000,0x00000000f2680000)
  from space 24064K, 73% used [0x00000000f2680000,0x00000000f37d0538,0x00000000f3e00000)
  to   space 24576K, 0% used [0x00000000fba80000,0x00000000fba80000,0x00000000fd280000)
 ParOldGen       total 83968K, used 40311K [0x00000000c0000000, 0x00000000c5200000, 0x00000000eaa80000)
  object space 83968K, 48% used [0x00000000c0000000,0x00000000c275de40,0x00000000c5200000)
 PSPermGen       total 21504K, used 6948K [0x00000000bae00000, 0x00000000bc300000, 0x00000000c0000000)
  object space 21504K, 32% used [0x00000000bae00000,0x00000000bb4c9148,0x00000000bc300000)
}
Event: 3.223 GC heap before
{Heap before GC invocations=8 (full 0):
 PSYoungGen      total 151040K, used 144705K [0x00000000eaa80000, 0x00000000fd280000, 0x0000000100000000)
  eden space 126976K, 100% used [0x00000000eaa80000,0x00000000f2680000,0x00000000f2680000)
  from space 24064K, 73% used [0x00000000f2680000,0x00000000f37d0538,0x00000000f3e00000)
  to   space 24576K, 0% used [0x00000000fba80000,0x00000000fba80000,0x00000000fd280000)
 ParOldGen       total 83968K, used 40311K [0x00000000c0000000, 0x00000000c5200000, 0x00000000eaa80000)
  object space 83968K, 48% used [0x00000000c0000000,0x00000000c275de40,0x00000000c5200000)
 PSPermGen       total 21504K, used 6949K [0x00000000bae00000, 0x00000000bc300000, 0x00000000c0000000)
  object space 21504K, 32% used [0x00000000bae00000,0x00000000bb4c9780,0x00000000bc300000)
Event: 3.231 GC heap after
Heap after GC invocations=8 (full 0):
 PSYoungGen      total 271360K, used 24546K [0x00000000eaa80000, 0x00000000fe080000, 0x0000000100000000)
  eden space 246784K, 0% used [0x00000000eaa80000,0x00000000eaa80000,0x00000000f9b80000)
  from space 24576K, 99% used [0x00000000fba80000,0x00000000fd2788a8,0x00000000fd280000)
  to   space 31744K, 0% used [0x00000000f9b80000,0x00000000f9b80000,0x00000000fba80000)
 ParOldGen       total 83968K, used 48612K [0x00000000c0000000, 0x00000000c5200000, 0x00000000eaa80000)
  object space 83968K, 57% used [0x00000000c0000000,0x00000000c2f793f0,0x00000000c5200000)
 PSPermGen       total 21504K, used 6949K [0x00000000bae00000, 0x00000000bc300000, 0x00000000c0000000)
  object space 21504K, 32% used [0x00000000bae00000,0x00000000bb4c9780,0x00000000bc300000)
}
Event: 3.719 GC heap before
{Heap before GC invocations=9 (full 0):
 PSYoungGen      total 271360K, used 271330K [0x00000000eaa80000, 0x00000000fe080000, 0x0000000100000000)
  eden space 246784K, 100% used [0x00000000eaa80000,0x00000000f9b80000,0x00000000f9b80000)
  from space 24576K, 99% used [0x00000000fba80000,0x00000000fd2788a8,0x00000000fd280000)
  to   space 31744K, 0% used [0x00000000f9b80000,0x00000000f9b80000,0x00000000fba80000)
 ParOldGen       total 83968K, used 48612K [0x00000000c0000000, 0x00000000c5200000, 0x00000000eaa80000)
  object space 83968K, 57% used [0x00000000c0000000,0x00000000c2f793f0,0x00000000c5200000)
 PSPermGen       total 21504K, used 6955K [0x00000000bae00000, 0x00000000bc300000, 0x00000000c0000000)
  object space 21504K, 32% used [0x00000000bae00000,0x00000000bb4caf78,0x00000000bc300000)
Event: 3.730 GC heap after
Heap after GC invocations=9 (full 0):
 PSYoungGen      total 278528K, used 29316K [0x00000000eaa80000, 0x0000000100000000, 0x0000000100000000)
  eden space 246784K, 0% used [0x00000000eaa80000,0x00000000eaa80000,0x00000000f9b80000)
  from space 31744K, 92% used [0x00000000f9b80000,0x00000000fb8213e0,0x00000000fba80000)
  to   space 35328K, 0% used [0x00000000fdd80000,0x00000000fdd80000,0x0000000100000000)
 ParOldGen       total 83968K, used 53384K [0x00000000c0000000, 0x00000000c5200000, 0x00000000eaa80000)
  object space 83968K, 63% used [0x00000000c0000000,0x00000000c34221f8,0x00000000c5200000)
 PSPermGen       total 21504K, used 6955K [0x00000000bae00000, 0x00000000bc300000, 0x00000000c0000000)
  object space 21504K, 32% used [0x00000000bae00000,0x00000000bb4caf78,0x00000000bc300000)
}
Event: 4.059 GC heap before
{Heap before GC invocations=10 (full 0):
 PSYoungGen      total 278528K, used 276100K [0x00000000eaa80000, 0x0000000100000000, 0x0000000100000000)
  eden space 246784K, 100% used [0x00000000eaa80000,0x00000000f9b80000,0x00000000f9b80000)
  from space 31744K, 92% used [0x00000000f9b80000,0x00000000fb8213e0,0x00000000fba80000)
  to   space 35328K, 0% used [0x00000000fdd80000,0x00000000fdd80000,0x0000000100000000)
 ParOldGen       total 83968K, used 53384K [0x00000000c0000000, 0x00000000c5200000, 0x00000000eaa80000)
  object space 83968K, 63% used [0x00000000c0000000,0x00000000c34221f8,0x00000000c5200000)
 PSPermGen       total 21504K, used 6958K [0x00000000bae00000, 0x00000000bc300000, 0x00000000c0000000)
  object space 21504K, 32% used [0x00000000bae00000,0x00000000bb4cb830,0x00000000bc300000)
Event: 4.071 GC heap after
Heap after GC invocations=10 (full 0):
 PSYoungGen      total 307200K, used 31416K [0x00000000eaa80000, 0x0000000100000000, 0x0000000100000000)
  eden space 271872K, 0% used [0x00000000eaa80000,0x00000000eaa80000,0x00000000fb400000)
  from space 35328K, 88% used [0x00000000fdd80000,0x00000000ffc2e328,0x0000000100000000)
  to   space 38912K, 0% used [0x00000000fb400000,0x00000000fb400000,0x00000000fda00000)
 ParOldGen       total 83968K, used 65555K [0x00000000c0000000, 0x00000000c5200000, 0x00000000eaa80000)
  object space 83968K, 78% used [0x00000000c0000000,0x00000000c4004f48,0x00000000c5200000)
 PSPermGen       total 21504K, used 6958K [0x00000000bae00000, 0x00000000bc300000, 0x00000000c0000000)
  object space 21504K, 32% used [0x00000000bae00000,0x00000000bb4cb830,0x00000000bc300000)
}
Event: 4.685 GC heap before
{Heap before GC invocations=11 (full 0):
 PSYoungGen      total 307200K, used 303288K [0x00000000eaa80000, 0x0000000100000000, 0x0000000100000000)
  eden space 271872K, 100% used [0x00000000eaa80000,0x00000000fb400000,0x00000000fb400000)
  from space 35328K, 88% used [0x00000000fdd80000,0x00000000ffc2e328,0x0000000100000000)
  to   space 38912K, 0% used [0x00000000fb400000,0x00000000fb400000,0x00000000fda00000)
 ParOldGen       total 83968K, used 65555K [0x00000000c0000000, 0x00000000c5200000, 0x00000000eaa80000)
  object space 83968K, 78% used [0x00000000c0000000,0x00000000c4004f48,0x00000000c5200000)
 PSPermGen       total 21504K, used 6959K [0x00000000bae00000, 0x00000000bc300000, 0x00000000c0000000)
  object space 21504K, 32% used [0x00000000bae00000,0x00000000bb4cbe18,0x00000000bc300000)
Event: 4.938 GC heap after
Heap after GC invocations=11 (full 0):
 PSYoungGen      total 310784K, used 38570K [0x00000000eaa80000, 0x0000000100000000, 0x0000000100000000)
  eden space 271872K, 0% used [0x00000000eaa80000,0x00000000eaa80000,0x00000000fb400000)
  from space 38912K, 99% used [0x00000000fb400000,0x00000000fd9aa9d8,0x00000000fda00000)
  to   space 38912K, 0% used [0x00000000fda00000,0x00000000fda00000,0x0000000100000000)
 ParOldGen       total 112640K, used 107310K [0x00000000c0000000, 0x00000000c6e00000, 0x00000000eaa80000)
  object space 112640K, 95% used [0x00000000c0000000,0x00000000c68cb968,0x00000000c6e00000)
 PSPermGen       total 21504K, used 6959K [0x00000000bae00000, 0x00000000bc300000, 0x00000000c0000000)
  object space 21504K, 32% used [0x00000000bae00000,0x00000000bb4cbe18,0x00000000bc300000)
}
Event: 5.112 GC heap before
{Heap before GC invocations=12 (full 1):
 PSYoungGen      total 310784K, used 38570K [0x00000000eaa80000, 0x0000000100000000, 0x0000000100000000)
  eden space 271872K, 0% used [0x00000000eaa80000,0x00000000eaa80000,0x00000000fb400000)
  from space 38912K, 99% used [0x00000000fb400000,0x00000000fd9aa9d8,0x00000000fda00000)
  to   space 38912K, 0% used [0x00000000fda00000,0x00000000fda00000,0x0000000100000000)
 ParOldGen       total 112640K, used 107310K [0x00000000c0000000, 0x00000000c6e00000, 0x00000000eaa80000)
  object space 112640K, 95% used [0x00000000c0000000,0x00000000c68cb968,0x00000000c6e00000)
 PSPermGen       total 21504K, used 6959K [0x00000000bae00000, 0x00000000bc300000, 0x00000000c0000000)
  object space 21504K, 32% used [0x00000000bae00000,0x00000000bb4cbe18,0x00000000bc300000)

Deoptimization events (10 events):
Event: 2.706 Thread 0x00007fdcd000c000 Uncommon trap: reason=unstable_if action=reinterpret pc=0x00007fdccd1ea700 method=java.util.ComparableTimSort.mergeHi(IIII)V @ 553
Event: 2.803 Thread 0x00007fdcd000c000 Uncommon trap: reason=array_check action=maybe_recompile pc=0x00007fdccd1f41d0 method=java.util.ComparableTimSort.binarySort([Ljava/lang/Object;III)V @ 183
Event: 2.858 Thread 0x00007fdcd000c000 Uncommon trap: reason=unstable_if action=reinterpret pc=0x00007fdccd1d6364 method=com.android.dx.merge.DexMerger.transformAnnotationDirectory(Lcom/android/dex/Dex$Section;Lcom/android/dx/merge/IndexMap;)V @ 199
Event: 3.130 Thread 0x00007fdcd000c000 Uncommon trap: reason=unstable_if action=reinterpret pc=0x00007fdccd199e60 method=com.android.dex.Mutf8.countBytes(Ljava/lang/String;Z)J @ 28
Event: 3.130 Thread 0x00007fdcd000c000 Uncommon trap: reason=unstable_if action=reinterpret pc=0x00007fdccd1594d4 method=com.android.dex.Mutf8.countBytes(Ljava/lang/String;Z)J @ 28
Event: 3.130 Thread 0x00007fdcd000c000 Uncommon trap: reason=unstable_if action=reinterpret pc=0x00007fdccd185b6c method=com.android.dex.Mutf8.encode([BILjava/lang/String;)V @ 24
Event: 3.198 Thread 0x00007fdcd000c000 Uncommon trap: reason=unstable_if action=reinterpret pc=0x00007fdccd198604 method=com.android.dex.Mutf8.countBytes(Ljava/lang/String;Z)J @ 28
Event: 3.273 Thread 0x00007fdcd000c000 Uncommon trap: reason=unstable_if action=reinterpret pc=0x00007fdccd19b80c method=com.android.dex.Mutf8.countBytes(Ljava/lang/String;Z)J @ 28
Event: 3.639 Thread 0x00007fdcd000c000 Uncommon trap: reason=unstable_if action=reinterpret pc=0x00007fdccd218164 method=java.util.ComparableTimSort.mergeLo(IIII)V @ 522
Event: 3.639 Thread 0x00007fdcd000c000 Uncommon trap: reason=unstable_if action=reinterpret pc=0x00007fdccd215518 method=java.util.ComparableTimSort.mergeHi(IIII)V @ 569

Internal exceptions (10 events):
Event: 1.543 Thread 0x00007fdcd000c000 Threw 0x00000000eaecb090 at /HUDSON/workspace/7u-2-build-linux-amd64/jdk7u80/2329/hotspot/src/share/vm/prims/jvm.cpp:1319
Event: 1.544 Thread 0x00007fdcd000c000 Threw 0x00000000eaece268 at /HUDSON/workspace/7u-2-build-linux-amd64/jdk7u80/2329/hotspot/src/share/vm/prims/jvm.cpp:1319
Event: 1.544 Thread 0x00007fdcd000c000 Threw 0x00000000eaed1590 at /HUDSON/workspace/7u-2-build-linux-amd64/jdk7u80/2329/hotspot/src/share/vm/prims/jvm.cpp:1319
Event: 1.545 Thread 0x00007fdcd000c000 Threw 0x00000000eaed6770 at /HUDSON/workspace/7u-2-build-linux-amd64/jdk7u80/2329/hotspot/src/share/vm/prims/jvm.cpp:1319
Event: 1.545 Thread 0x00007fdcd000c000 Threw 0x00000000eaed94a8 at /HUDSON/workspace/7u-2-build-linux-amd64/jdk7u80/2329/hotspot/src/share/vm/prims/jvm.cpp:1319
Event: 1.545 Thread 0x00007fdcd000c000 Threw 0x00000000eaedc3a0 at /HUDSON/workspace/7u-2-build-linux-amd64/jdk7u80/2329/hotspot/src/share/vm/prims/jvm.cpp:1319
Event: 1.545 Thread 0x00007fdcd000c000 Threw 0x00000000eaedf6b0 at /HUDSON/workspace/7u-2-build-linux-amd64/jdk7u80/2329/hotspot/src/share/vm/prims/jvm.cpp:1319
Event: 1.547 Thread 0x00007fdcd000c000 Threw 0x00000000eaf26a08 at /HUDSON/workspace/7u-2-build-linux-amd64/jdk7u80/2329/hotspot/src/share/vm/prims/jvm.cpp:1319
Event: 1.547 Thread 0x00007fdcd000c000 Threw 0x00000000eaf28a60 at /HUDSON/workspace/7u-2-build-linux-amd64/jdk7u80/2329/hotspot/src/share/vm/prims/jvm.cpp:1319
Event: 1.845 Thread 0x00007fdcd000c000 Threw 0x00000000ec3b9b88 at /HUDSON/workspace/7u-2-build-linux-amd64/jdk7u80/2329/hotspot/src/share/vm/prims/jvm.cpp:1319

Events (10 events):
Event: 3.639 Thread 0x00007fdcd000c000 Uncommon trap: trap_request=0xffffff75 fr.pc=0x00007fdccd215518
Event: 3.639 Thread 0x00007fdcd000c000 DEOPT PACKING pc=0x00007fdccd215518 sp=0x00007fdcd6ecd330
Event: 3.639 Thread 0x00007fdcd000c000 DEOPT UNPACKING pc=0x00007fdccd039445 sp=0x00007fdcd6ecd328 mode 2
Event: 3.719 Executing VM operation: ParallelGCFailedAllocation
Event: 3.730 Executing VM operation: ParallelGCFailedAllocation done
Event: 4.059 Executing VM operation: ParallelGCFailedAllocation
Event: 4.071 Executing VM operation: ParallelGCFailedAllocation done
Event: 4.075 Executing VM operation: EnableBiasedLocking
Event: 4.076 Executing VM operation: EnableBiasedLocking done
Event: 4.684 Executing VM operation: ParallelGCFailedAllocation


Dynamic libraries:
00400000-00401000 r-xp 00000000 08:05 1185888                            /usr/lib/jvm/java-7-oracle/bin/java
00600000-00601000 rw-p 00000000 08:05 1185888                            /usr/lib/jvm/java-7-oracle/bin/java
01f3c000-01f5d000 rw-p 00000000 00:00 0                                  [heap]
bae00000-bc300000 rw-p 00000000 00:00 0 
bc300000-c0000000 rw-p 00000000 00:00 0 
c0000000-c6e00000 rw-p 00000000 00:00 0 
c7780000-eaa80000 rw-p 00000000 00:00 0 
eaa80000-100000000 rw-p 00000000 00:00 0 
7fdc70000000-7fdc70021000 rw-p 00000000 00:00 0 
7fdc70021000-7fdc74000000 ---p 00000000 00:00 0 
7fdc78000000-7fdc7888b000 rw-p 00000000 00:00 0 
7fdc7888b000-7fdc7c000000 ---p 00000000 00:00 0 
7fdc7c000000-7fdc7c021000 rw-p 00000000 00:00 0 
7fdc7c021000-7fdc80000000 ---p 00000000 00:00 0 
7fdc80000000-7fdc80021000 rw-p 00000000 00:00 0 
7fdc80021000-7fdc84000000 ---p 00000000 00:00 0 
7fdc84000000-7fdc84c43000 rw-p 00000000 00:00 0 
7fdc84c43000-7fdc88000000 ---p 00000000 00:00 0 
7fdc88000000-7fdc88021000 rw-p 00000000 00:00 0 
7fdc88021000-7fdc8c000000 ---p 00000000 00:00 0 
7fdc8c000000-7fdc8c021000 rw-p 00000000 00:00 0 
7fdc8c021000-7fdc90000000 ---p 00000000 00:00 0 
7fdc90000000-7fdc90021000 rw-p 00000000 00:00 0 
7fdc90021000-7fdc94000000 ---p 00000000 00:00 0 
7fdc94000000-7fdc940e3000 rw-p 00000000 00:00 0 
7fdc940e3000-7fdc98000000 ---p 00000000 00:00 0 
7fdc98000000-7fdc98021000 rw-p 00000000 00:00 0 
7fdc98021000-7fdc9c000000 ---p 00000000 00:00 0 
7fdca0000000-7fdca0021000 rw-p 00000000 00:00 0 
7fdca0021000-7fdca4000000 ---p 00000000 00:00 0 
7fdca8000000-7fdca8021000 rw-p 00000000 00:00 0 
7fdca8021000-7fdcac000000 ---p 00000000 00:00 0 
7fdcb0000000-7fdcb0021000 rw-p 00000000 00:00 0 
7fdcb0021000-7fdcb4000000 ---p 00000000 00:00 0 
7fdcb8000000-7fdcb8021000 rw-p 00000000 00:00 0 
7fdcb8021000-7fdcbc000000 ---p 00000000 00:00 0 
7fdcbeb7f000-7fdcbecec000 rw-p 00000000 00:00 0 
7fdcbecec000-7fdcbed03000 r-xp 00000000 08:05 1320024                    /usr/lib/jvm/java-7-oracle/jre/lib/amd64/libnet.so
7fdcbed03000-7fdcbef02000 ---p 00017000 08:05 1320024                    /usr/lib/jvm/java-7-oracle/jre/lib/amd64/libnet.so
7fdcbef02000-7fdcbef03000 rw-p 00016000 08:05 1320024                    /usr/lib/jvm/java-7-oracle/jre/lib/amd64/libnet.so
7fdcbef03000-7fdcbef13000 r-xp 00000000 08:05 1319979                    /usr/lib/jvm/java-7-oracle/jre/lib/amd64/libnio.so
7fdcbef13000-7fdcbf113000 ---p 00010000 08:05 1319979                    /usr/lib/jvm/java-7-oracle/jre/lib/amd64/libnio.so
7fdcbf113000-7fdcbf114000 rw-p 00010000 08:05 1319979                    /usr/lib/jvm/java-7-oracle/jre/lib/amd64/libnio.so
7fdcbf114000-7fdcbf115000 ---p 00000000 00:00 0 
7fdcbf115000-7fdcbf215000 rw-p 00000000 00:00 0                          [stack:21502]
7fdcbf215000-7fdcbf218000 ---p 00000000 00:00 0 
7fdcbf218000-7fdcbf316000 rw-p 00000000 00:00 0                          [stack:21501]
7fdcbf316000-7fdcbf319000 ---p 00000000 00:00 0 
7fdcbf319000-7fdcbf417000 rw-p 00000000 00:00 0                          [stack:21500]
7fdcbf417000-7fdcbf41a000 ---p 00000000 00:00 0 
7fdcbf41a000-7fdcbf518000 rw-p 00000000 00:00 0                          [stack:21499]
7fdcbf518000-7fdcbf51b000 ---p 00000000 00:00 0 
7fdcbf51b000-7fdcbf619000 rw-p 00000000 00:00 0                          [stack:21498]
7fdcbf619000-7fdcbfcfd000 r--p 00000000 08:05 793055                     /usr/lib/locale/locale-archive
7fdcbfcfd000-7fdcbfd00000 ---p 00000000 00:00 0 
7fdcbfd00000-7fdcbfdfe000 rw-p 00000000 00:00 0                          [stack:21497]
7fdcbfdfe000-7fdcbfe01000 ---p 00000000 00:00 0 
7fdcbfe01000-7fdcbfeff000 rw-p 00000000 00:00 0                          [stack:21496]
7fdcbfeff000-7fdcbff00000 ---p 00000000 00:00 0 
7fdcbff00000-7fdcc0000000 rw-p 00000000 00:00 0                          [stack:21495]
7fdcc0000000-7fdcc0021000 rw-p 00000000 00:00 0 
7fdcc0021000-7fdcc4000000 ---p 00000000 00:00 0 
7fdcc40e1000-7fdcc8000000 rw-p 00000000 00:00 0 
7fdcc8000000-7fdcc8021000 rw-p 00000000 00:00 0 
7fdcc8021000-7fdccc000000 ---p 00000000 00:00 0 
7fdccc019000-7fdccc1d9000 r--s 039fb000 08:05 1202299                    /usr/lib/jvm/java-7-oracle/jre/lib/rt.jar
7fdccc1d9000-7fdccc478000 rw-p 00000000 00:00 0 
7fdccc478000-7fdccc479000 ---p 00000000 00:00 0 
7fdccc479000-7fdccc579000 rw-p 00000000 00:00 0                          [stack:21494]
7fdccc579000-7fdccc57a000 ---p 00000000 00:00 0 
7fdccc57a000-7fdccc67a000 rw-p 00000000 00:00 0                          [stack:21493]
7fdccc67a000-7fdccc67b000 ---p 00000000 00:00 0 
7fdccc67b000-7fdccc77b000 rw-p 00000000 00:00 0                          [stack:21492]
7fdccc77b000-7fdccc77c000 ---p 00000000 00:00 0 
7fdccc77c000-7fdccc87c000 rw-p 00000000 00:00 0                          [stack:21491]
7fdccc87c000-7fdccc87d000 ---p 00000000 00:00 0 
7fdccc87d000-7fdccc97d000 rw-p 00000000 00:00 0                          [stack:21490]
7fdccc97d000-7fdccc97e000 ---p 00000000 00:00 0 
7fdccc97e000-7fdccca7e000 rw-p 00000000 00:00 0                          [stack:21489]
7fdccca7e000-7fdccca7f000 ---p 00000000 00:00 0 
7fdccca7f000-7fdcccb7f000 rw-p 00000000 00:00 0                          [stack:21488]
7fdcccb7f000-7fdcccb80000 ---p 00000000 00:00 0 
7fdcccb80000-7fdccccb7000 rw-p 00000000 00:00 0                          [stack:21487]
7fdccccb7000-7fdcccdd6000 rw-p 00000000 00:00 0 
7fdcccdd6000-7fdcccde1000 rw-p 00000000 00:00 0 
7fdcccde1000-7fdcccdff000 rw-p 00000000 00:00 0 
7fdcccdff000-7fdccce36000 rw-p 00000000 00:00 0 
7fdccce36000-7fdcccf54000 rw-p 00000000 00:00 0 
7fdcccf54000-7fdcccfff000 rw-p 00000000 00:00 0 
7fdcccfff000-7fdccd000000 rw-p 00000000 00:00 0 
7fdccd000000-7fdccd270000 rwxp 00000000 00:00 0 
7fdccd270000-7fdcd020b000 rw-p 00000000 00:00 0 
7fdcd020b000-7fdcd4000000 ---p 00000000 00:00 0 
7fdcd4017000-7fdcd40a5000 rw-p 00000000 00:00 0 
7fdcd40a5000-7fdcd40c3000 rw-p 00000000 00:00 0 
7fdcd40c3000-7fdcd40da000 r-xp 00000000 08:05 1319982                    /usr/lib/jvm/java-7-oracle/jre/lib/amd64/libzip.so
7fdcd40da000-7fdcd42da000 ---p 00017000 08:05 1319982                    /usr/lib/jvm/java-7-oracle/jre/lib/amd64/libzip.so
7fdcd42da000-7fdcd42db000 rw-p 00017000 08:05 1319982                    /usr/lib/jvm/java-7-oracle/jre/lib/amd64/libzip.so
7fdcd42db000-7fdcd42e6000 r-xp 00000000 08:05 2224098                    /lib/x86_64-linux-gnu/libnss_files-2.19.so
7fdcd42e6000-7fdcd44e5000 ---p 0000b000 08:05 2224098                    /lib/x86_64-linux-gnu/libnss_files-2.19.so
7fdcd44e5000-7fdcd44e6000 r--p 0000a000 08:05 2224098                    /lib/x86_64-linux-gnu/libnss_files-2.19.so
7fdcd44e6000-7fdcd44e7000 rw-p 0000b000 08:05 2224098                    /lib/x86_64-linux-gnu/libnss_files-2.19.so
7fdcd44e7000-7fdcd44f2000 r-xp 00000000 08:05 2224118                    /lib/x86_64-linux-gnu/libnss_nis-2.19.so
7fdcd44f2000-7fdcd46f1000 ---p 0000b000 08:05 2224118                    /lib/x86_64-linux-gnu/libnss_nis-2.19.so
7fdcd46f1000-7fdcd46f2000 r--p 0000a000 08:05 2224118                    /lib/x86_64-linux-gnu/libnss_nis-2.19.so
7fdcd46f2000-7fdcd46f3000 rw-p 0000b000 08:05 2224118                    /lib/x86_64-linux-gnu/libnss_nis-2.19.so
7fdcd46f3000-7fdcd470a000 r-xp 00000000 08:05 2224107                    /lib/x86_64-linux-gnu/libnsl-2.19.so
7fdcd470a000-7fdcd4909000 ---p 00017000 08:05 2224107                    /lib/x86_64-linux-gnu/libnsl-2.19.so
7fdcd4909000-7fdcd490a000 r--p 00016000 08:05 2224107                    /lib/x86_64-linux-gnu/libnsl-2.19.so
7fdcd490a000-7fdcd490b000 rw-p 00017000 08:05 2224107                    /lib/x86_64-linux-gnu/libnsl-2.19.so
7fdcd490b000-7fdcd490d000 rw-p 00000000 00:00 0 
7fdcd490d000-7fdcd4916000 r-xp 00000000 08:05 2224106                    /lib/x86_64-linux-gnu/libnss_compat-2.19.so
7fdcd4916000-7fdcd4b15000 ---p 00009000 08:05 2224106                    /lib/x86_64-linux-gnu/libnss_compat-2.19.so
7fdcd4b15000-7fdcd4b16000 r--p 00008000 08:05 2224106                    /lib/x86_64-linux-gnu/libnss_compat-2.19.so
7fdcd4b16000-7fdcd4b17000 rw-p 00009000 08:05 2224106                    /lib/x86_64-linux-gnu/libnss_compat-2.19.so
7fdcd4b17000-7fdcd4b40000 r-xp 00000000 08:05 1320043                    /usr/lib/jvm/java-7-oracle/jre/lib/amd64/libjava.so
7fdcd4b40000-7fdcd4d40000 ---p 00029000 08:05 1320043                    /usr/lib/jvm/java-7-oracle/jre/lib/amd64/libjava.so
7fdcd4d40000-7fdcd4d42000 rw-p 00029000 08:05 1320043                    /usr/lib/jvm/java-7-oracle/jre/lib/amd64/libjava.so
7fdcd4d42000-7fdcd4d4f000 r-xp 00000000 08:05 1320049                    /usr/lib/jvm/java-7-oracle/jre/lib/amd64/libverify.so
7fdcd4d4f000-7fdcd4f4e000 ---p 0000d000 08:05 1320049                    /usr/lib/jvm/java-7-oracle/jre/lib/amd64/libverify.so
7fdcd4f4e000-7fdcd4f50000 rw-p 0000c000 08:05 1320049                    /usr/lib/jvm/java-7-oracle/jre/lib/amd64/libverify.so
7fdcd4f50000-7fdcd4f57000 r-xp 00000000 08:05 2224115                    /lib/x86_64-linux-gnu/librt-2.19.so
7fdcd4f57000-7fdcd5156000 ---p 00007000 08:05 2224115                    /lib/x86_64-linux-gnu/librt-2.19.so
7fdcd5156000-7fdcd5157000 r--p 00006000 08:05 2224115                    /lib/x86_64-linux-gnu/librt-2.19.so
7fdcd5157000-7fdcd5158000 rw-p 00007000 08:05 2224115                    /lib/x86_64-linux-gnu/librt-2.19.so
7fdcd5158000-7fdcd525d000 r-xp 00000000 08:05 2224097                    /lib/x86_64-linux-gnu/libm-2.19.so
7fdcd525d000-7fdcd545c000 ---p 00105000 08:05 2224097                    /lib/x86_64-linux-gnu/libm-2.19.so
7fdcd545c000-7fdcd545d000 r--p 00104000 08:05 2224097                    /lib/x86_64-linux-gnu/libm-2.19.so
7fdcd545d000-7fdcd545e000 rw-p 00105000 08:05 2224097                    /lib/x86_64-linux-gnu/libm-2.19.so
7fdcd545e000-7fdcd5fd4000 r-xp 00000000 08:05 1320013                    /usr/lib/jvm/java-7-oracle/jre/lib/amd64/server/libjvm.so
7fdcd5fd4000-7fdcd61d3000 ---p 00b76000 08:05 1320013                    /usr/lib/jvm/java-7-oracle/jre/lib/amd64/server/libjvm.so
7fdcd61d3000-7fdcd6297000 rw-p 00b75000 08:05 1320013                    /usr/lib/jvm/java-7-oracle/jre/lib/amd64/server/libjvm.so
7fdcd6297000-7fdcd62d8000 rw-p 00000000 00:00 0 
7fdcd62d8000-7fdcd6493000 r-xp 00000000 08:05 2224112                    /lib/x86_64-linux-gnu/libc-2.19.so
7fdcd6493000-7fdcd6692000 ---p 001bb000 08:05 2224112                    /lib/x86_64-linux-gnu/libc-2.19.so
7fdcd6692000-7fdcd6696000 r--p 001ba000 08:05 2224112                    /lib/x86_64-linux-gnu/libc-2.19.so
7fdcd6696000-7fdcd6698000 rw-p 001be000 08:05 2224112                    /lib/x86_64-linux-gnu/libc-2.19.so
7fdcd6698000-7fdcd669d000 rw-p 00000000 00:00 0 
7fdcd669d000-7fdcd66a0000 r-xp 00000000 08:05 2224101                    /lib/x86_64-linux-gnu/libdl-2.19.so
7fdcd66a0000-7fdcd689f000 ---p 00003000 08:05 2224101                    /lib/x86_64-linux-gnu/libdl-2.19.so
7fdcd689f000-7fdcd68a0000 r--p 00002000 08:05 2224101                    /lib/x86_64-linux-gnu/libdl-2.19.so
7fdcd68a0000-7fdcd68a1000 rw-p 00003000 08:05 2224101                    /lib/x86_64-linux-gnu/libdl-2.19.so
7fdcd68a1000-7fdcd68b6000 r-xp 00000000 08:05 1202041                    /usr/lib/jvm/java-7-oracle/lib/amd64/jli/libjli.so
7fdcd68b6000-7fdcd6ab5000 ---p 00015000 08:05 1202041                    /usr/lib/jvm/java-7-oracle/lib/amd64/jli/libjli.so
7fdcd6ab5000-7fdcd6ab6000 rw-p 00014000 08:05 1202041                    /usr/lib/jvm/java-7-oracle/lib/amd64/jli/libjli.so
7fdcd6ab6000-7fdcd6acf000 r-xp 00000000 08:05 2224113                    /lib/x86_64-linux-gnu/libpthread-2.19.so
7fdcd6acf000-7fdcd6cce000 ---p 00019000 08:05 2224113                    /lib/x86_64-linux-gnu/libpthread-2.19.so
7fdcd6cce000-7fdcd6ccf000 r--p 00018000 08:05 2224113                    /lib/x86_64-linux-gnu/libpthread-2.19.so
7fdcd6ccf000-7fdcd6cd0000 rw-p 00019000 08:05 2224113                    /lib/x86_64-linux-gnu/libpthread-2.19.so
7fdcd6cd0000-7fdcd6cd4000 rw-p 00000000 00:00 0 
7fdcd6cd4000-7fdcd6cf7000 r-xp 00000000 08:05 2224109                    /lib/x86_64-linux-gnu/ld-2.19.so
7fdcd6cfb000-7fdcd6cff000 r--s 0008b000 08:05 1202122                    /usr/lib/jvm/java-7-oracle/jre/lib/jsse.jar
7fdcd6cff000-7fdcd6d0e000 r--s 000dd000 08:05 5250                       /opt/android-sdk-linux/build-tools/21.1.2/lib/dx.jar
7fdcd6d0e000-7fdcd6d18000 rw-p 00000000 00:00 0 
7fdcd6d18000-7fdcd6dce000 rw-p 00000000 00:00 0 
7fdcd6dce000-7fdcd6dd1000 ---p 00000000 00:00 0 
7fdcd6dd1000-7fdcd6eea000 rw-p 00000000 00:00 0                          [stack:21486]
7fdcd6eea000-7fdcd6ef2000 rw-s 00000000 08:05 537050                     /tmp/hsperfdata_brian/21482
7fdcd6ef2000-7fdcd6ef3000 rw-p 00000000 00:00 0 
7fdcd6ef3000-7fdcd6ef4000 ---p 00000000 00:00 0 
7fdcd6ef4000-7fdcd6ef6000 rw-p 00000000 00:00 0 
7fdcd6ef6000-7fdcd6ef7000 r--p 00022000 08:05 2224109                    /lib/x86_64-linux-gnu/ld-2.19.so
7fdcd6ef7000-7fdcd6ef8000 rw-p 00023000 08:05 2224109                    /lib/x86_64-linux-gnu/ld-2.19.so
7fdcd6ef8000-7fdcd6ef9000 rw-p 00000000 00:00 0 
7ffc1e590000-7ffc1e5b2000 rw-p 00000000 00:00 0                          [stack]
7ffc1e5da000-7ffc1e5dc000 r-xp 00000000 00:00 0                          [vdso]
ffffffffff600000-ffffffffff601000 r-xp 00000000 00:00 0                  [vsyscall]

VM Arguments:
jvm_args: -Xmx1024M -Dfile.encoding=UTF-8 -Duser.country=US -Duser.language=en -Duser.variant 
java_command: com.android.dx.command.Main --dex --output /home/brian/Documents/Projects/OntheGo/app/build/intermediates/dex/debug /home/brian/Documents/Projects/OntheGo/app/build/intermediates/classes/debug /home/brian/Documents/Projects/OntheGo/app/build/intermediates/pre-dexed/debug/support-annotations-22.0.0-fbaccb92f7c7bfd9c90c0609c0c2cc1774dbd117.jar /home/brian/Documents/Projects/OntheGo/app/build/intermediates/pre-dexed/debug/classes-daf6ea69d874cc9d06914bec8dd346f6f18257f8.jar /home/brian/Documents/Projects/OntheGo/app/build/intermediates/pre-dexed/debug/classes-16a0564d20196159507dc45312f2fb7604185136.jar /home/brian/Documents/Projects/OntheGo/app/build/intermediates/pre-dexed/debug/classes-bfd7e71b9379fd8cf8750d60a5e9c9f2bc452781.jar /home/brian/Documents/Projects/OntheGo/app/build/intermediates/pre-dexed/debug/classes-073e373cb5c4b83326da2b4aa5881b756ace2ad2.jar /home/brian/Documents/Projects/OntheGo/app/build/intermediates/pre-dexed/debug/classes-d5975ac46589616c031ffd63e93f096d4eba53b1.jar /home/brian/Documents/Projects/OntheGo/app/build/intermediates/pre-dexed/debug/classes-fcab129b8179ea59a470b9abcade057f2867f9aa.jar /home/brian/Documents/Projects/OntheGo/app/build/intermediates/pre-dexed/debug/classes-f07fae2dbc6fac8e1434907a635647c083b1a08a.jar /home/brian/Documents/Projects/OntheGo/app/build/intermediates/pre-dexed/debug/classes-9f7c671631c3d6118c5b108028ea693e744041d9.jar /home/brian/Documents/Projects/OntheGo/app/build/intermediates/pre-dexed/debug/okio-1.3.0-f2b9fe4ead9d728191da52c450021c556568882c.jar /home/brian/Documents/Projects/OntheGo/app/build/intermediates/pre-dexed/debug/classes-fc265dcfe2659ead8d1390789843973bdd36ad5c.jar /home/brian/Documents/Projects/OntheGo/app/build/intermediates/pre-dexed/debug/classes-c000ceb4b4b58ceab959ae83234253e4c1640120.jar /home/brian/Documents/Projects/OntheGo/app/build/intermediates/pre-dexed/debug/classes-dda4fc49659a2e39f35d20c5237a0b15e34cf188.jar /home/brian/Documents/Projects/OntheGo/app/build/inte
Launcher Type: SUN_STANDARD

Environment Variables:
CLASSPATH=/opt/android-studio/bin/../lib/bootstrap.jar:/opt/android-studio/bin/../lib/extensions.jar:/opt/android-studio/bin/../lib/util.jar:/opt/android-studio/bin/../lib/jdom.jar:/opt/android-studio/bin/../lib/log4j.jar:/opt/android-studio/bin/../lib/trove4j.jar:/opt/android-studio/bin/../lib/jna.jar:/usr/lib/jvm/java-8-oracle/lib/tools.jar
PATH=/usr/local/sbin:/usr/local/bin:/usr/sbin:/usr/bin:/sbin:/bin:/usr/games:/usr/local/games
LD_LIBRARY_PATH=/opt/android-studio/bin:
SHELL=/bin/bash
DISPLAY=:0

Signal Handlers:
SIGSEGV: [libjvm.so+0x9a3b20], sa_mask[0]=0x7ffbfeff, sa_flags=0x10000004
SIGBUS: [libjvm.so+0x9a3b20], sa_mask[0]=0x7ffbfeff, sa_flags=0x10000004
SIGFPE: [libjvm.so+0x81e740], sa_mask[0]=0x7ffbfeff, sa_flags=0x10000004
SIGPIPE: [libjvm.so+0x81e740], sa_mask[0]=0x7ffbfeff, sa_flags=0x10000004
SIGXFSZ: [libjvm.so+0x81e740], sa_mask[0]=0x7ffbfeff, sa_flags=0x10000004
SIGILL: [libjvm.so+0x81e740], sa_mask[0]=0x7ffbfeff, sa_flags=0x10000004
SIGUSR1: SIG_DFL, sa_mask[0]=0x00000000, sa_flags=0x00000000
SIGUSR2: [libjvm.so+0x81ffb0], sa_mask[0]=0x00000004, sa_flags=0x10000004
SIGHUP: [libjvm.so+0x8210d0], sa_mask[0]=0x7ffbfeff, sa_flags=0x10000004
SIGINT: [libjvm.so+0x8210d0], sa_mask[0]=0x7ffbfeff, sa_flags=0x10000004
SIGTERM: [libjvm.so+0x8210d0], sa_mask[0]=0x7ffbfeff, sa_flags=0x10000004
SIGQUIT: [libjvm.so+0x8210d0], sa_mask[0]=0x7ffbfeff, sa_flags=0x10000004


---------------  S Y S T E M  ---------------

OS:jessie/sid

uname:Linux 3.13.0-49-generic #83-Ubuntu SMP Fri Apr 10 20:11:33 UTC 2015 x86_64
libc:glibc 2.19 NPTL 2.19 
rlimit: STACK 8192k, CORE 0k, NPROC 62792, NOFILE 4096, AS infinity
load average:3.41 1.79 1.49

/proc/meminfo:
MemTotal:        8086616 kB
MemFree:          105088 kB
Buffers:             196 kB
Cached:          2046532 kB
SwapCached:            0 kB
Active:          6069176 kB
Inactive:        1087340 kB
Active(anon):    6069176 kB
Inactive(anon):  1087340 kB
Active(file):          0 kB
Inactive(file):        0 kB
Unevictable:          64 kB
Mlocked:              64 kB
SwapTotal:             0 kB
SwapFree:              0 kB
Dirty:                 0 kB
Writeback:             0 kB
AnonPages:       5113160 kB
Mapped:          1677340 kB
Shmem:           2043420 kB
Slab:              99688 kB
SReclaimable:      42240 kB
SUnreclaim:        57448 kB
KernelStack:        6888 kB
PageTables:        57832 kB
NFS_Unstable:          0 kB
Bounce:                0 kB
WritebackTmp:          0 kB
CommitLimit:     4043308 kB
Committed_AS:   12307644 kB
VmallocTotal:   34359738367 kB
VmallocUsed:      362480 kB
VmallocChunk:   34359358332 kB
HardwareCorrupted:     0 kB
AnonHugePages:   1484800 kB
HugePages_Total:       0
HugePages_Free:        0
HugePages_Rsvd:        0
HugePages_Surp:        0
Hugepagesize:       2048 kB
DirectMap4k:      104800 kB
DirectMap2M:     6096896 kB
DirectMap1G:     2097152 kB


CPU:total 8 (4 cores per cpu, 2 threads per core) family 6 model 60 stepping 3, cmov, cx8, fxsr, mmx, sse, sse2, sse3, ssse3, sse4.1, sse4.2, popcnt, avx, avx2, aes, erms, ht, tsc, tscinvbit

/proc/cpuinfo:
processor	: 0
vendor_id	: GenuineIntel
cpu family	: 6
model		: 60
model name	: Intel(R) Core(TM) i7-4700MQ CPU @ 2.40GHz
stepping	: 3
microcode	: 0x8
cpu MHz		: 2300.000
cache size	: 6144 KB
physical id	: 0
siblings	: 8
core id		: 0
cpu cores	: 4
apicid		: 0
initial apicid	: 0
fpu		: yes
fpu_exception	: yes
cpuid level	: 13
wp		: yes
flags		: fpu vme de pse tsc msr pae mce cx8 apic sep mtrr pge mca cmov pat pse36 clflush dts acpi mmx fxsr sse sse2 ss ht tm pbe syscall nx pdpe1gb rdtscp lm constant_tsc arch_perfmon pebs bts rep_good nopl xtopology nonstop_tsc aperfmperf eagerfpu pni pclmulqdq dtes64 monitor ds_cpl vmx est tm2 ssse3 fma cx16 xtpr pdcm pcid sse4_1 sse4_2 movbe popcnt tsc_deadline_timer aes xsave avx f16c rdrand lahf_lm abm ida arat epb xsaveopt pln pts dtherm tpr_shadow vnmi flexpriority ept vpid fsgsbase tsc_adjust bmi1 avx2 smep bmi2 erms invpcid
bogomips	: 4788.48
clflush size	: 64
cache_alignment	: 64
address sizes	: 39 bits physical, 48 bits virtual
power management:

processor	: 1
vendor_id	: GenuineIntel
cpu family	: 6
model		: 60
model name	: Intel(R) Core(TM) i7-4700MQ CPU @ 2.40GHz
stepping	: 3
microcode	: 0x8
cpu MHz		: 2401.000
cache size	: 6144 KB
physical id	: 0
siblings	: 8
core id		: 1
cpu cores	: 4
apicid		: 2
initial apicid	: 2
fpu		: yes
fpu_exception	: yes
cpuid level	: 13
wp		: yes
flags		: fpu vme de pse tsc msr pae mce cx8 apic sep mtrr pge mca cmov pat pse36 clflush dts acpi mmx fxsr sse sse2 ss ht tm pbe syscall nx pdpe1gb rdtscp lm constant_tsc arch_perfmon pebs bts rep_good nopl xtopology nonstop_tsc aperfmperf eagerfpu pni pclmulqdq dtes64 monitor ds_cpl vmx est tm2 ssse3 fma cx16 xtpr pdcm pcid sse4_1 sse4_2 movbe popcnt tsc_deadline_timer aes xsave avx f16c rdrand lahf_lm abm ida arat epb xsaveopt pln pts dtherm tpr_shadow vnmi flexpriority ept vpid fsgsbase tsc_adjust bmi1 avx2 smep bmi2 erms invpcid
bogomips	: 4788.48
clflush size	: 64
cache_alignment	: 64
address sizes	: 39 bits physical, 48 bits virtual
power management:

processor	: 2
vendor_id	: GenuineIntel
cpu family	: 6
model		: 60
model name	: Intel(R) Core(TM) i7-4700MQ CPU @ 2.40GHz
stepping	: 3
microcode	: 0x8
cpu MHz		: 1800.000
cache size	: 6144 KB
physical id	: 0
siblings	: 8
core id		: 2
cpu cores	: 4
apicid		: 4
initial apicid	: 4
fpu		: yes
fpu_exception	: yes
cpuid level	: 13
wp		: yes
flags		: fpu vme de pse tsc msr pae mce cx8 apic sep mtrr pge mca cmov pat pse36 clflush dts acpi mmx fxsr sse sse2 ss ht tm pbe syscall nx pdpe1gb rdtscp lm constant_tsc arch_perfmon pebs bts rep_good nopl xtopology nonstop_tsc aperfmperf eagerfpu pni pclmulqdq dtes64 monitor ds_cpl vmx est tm2 ssse3 fma cx16 xtpr pdcm pcid sse4_1 sse4_2 movbe popcnt tsc_deadline_timer aes xsave avx f16c rdrand lahf_lm abm ida arat epb xsaveopt pln pts dtherm tpr_shadow vnmi flexpriority ept vpid fsgsbase tsc_adjust bmi1 avx2 smep bmi2 erms invpcid
bogomips	: 4788.48
clflush size	: 64
cache_alignment	: 64
address sizes	: 39 bits physical, 48 bits virtual
power management:

processor	: 3
vendor_id	: GenuineIntel
cpu family	: 6
model		: 60
model name	: Intel(R) Core(TM) i7-4700MQ CPU @ 2.40GHz
stepping	: 3
microcode	: 0x8
cpu MHz		: 2401.000
cache size	: 6144 KB
physical id	: 0
siblings	: 8
core id		: 3
cpu cores	: 4
apicid		: 6
initial apicid	: 6
fpu		: yes
fpu_exception	: yes
cpuid level	: 13
wp		: yes
flags		: fpu vme de pse tsc msr pae mce cx8 apic sep mtrr pge mca cmov pat pse36 clflush dts acpi mmx fxsr sse sse2 ss ht tm pbe syscall nx pdpe1gb rdtscp lm constant_tsc arch_perfmon pebs bts rep_good nopl xtopology nonstop_tsc aperfmperf eagerfpu pni pclmulqdq dtes64 monitor ds_cpl vmx est tm2 ssse3 fma cx16 xtpr pdcm pcid sse4_1 sse4_2 movbe popcnt tsc_deadline_timer aes xsave avx f16c rdrand lahf_lm abm ida arat epb xsaveopt pln pts dtherm tpr_shadow vnmi flexpriority ept vpid fsgsbase tsc_adjust bmi1 avx2 smep bmi2 erms invpcid
bogomips	: 4788.48
clflush size	: 64
cache_alignment	: 64
address sizes	: 39 bits physical, 48 bits virtual
power management:

processor	: 4
vendor_id	: GenuineIntel
cpu family	: 6
model		: 60
model name	: Intel(R) Core(TM) i7-4700MQ CPU @ 2.40GHz
stepping	: 3
microcode	: 0x8
cpu MHz		: 2401.000
cache size	: 6144 KB
physical id	: 0
siblings	: 8
core id		: 0
cpu cores	: 4
apicid		: 1
initial apicid	: 1
fpu		: yes
fpu_exception	: yes
cpuid level	: 13
wp		: yes
flags		: fpu vme de pse tsc msr pae mce cx8 apic sep mtrr pge mca cmov pat pse36 clflush dts acpi mmx fxsr sse sse2 ss ht tm pbe syscall nx pdpe1gb rdtscp lm constant_tsc arch_perfmon pebs bts rep_good nopl xtopology nonstop_tsc aperfmperf eagerfpu pni pclmulqdq dtes64 monitor ds_cpl vmx est tm2 ssse3 fma cx16 xtpr pdcm pcid sse4_1 sse4_2 movbe popcnt tsc_deadline_timer aes xsave avx f16c rdrand lahf_lm abm ida arat epb xsaveopt pln pts dtherm tpr_shadow vnmi flexpriority ept vpid fsgsbase tsc_adjust bmi1 avx2 smep bmi2 erms invpcid
bogomips	: 4788.48
clflush size	: 64
cache_alignment	: 64
address sizes	: 39 bits physical, 48 bits virtual
power management:

processor	: 5
vendor_id	: GenuineIntel
cpu family	: 6
model		: 60
model name	: Intel(R) Core(TM) i7-4700MQ CPU @ 2.40GHz
stepping	: 3
microcode	: 0x8
cpu MHz		: 2401.000
cache size	: 6144 KB
physical id	: 0
siblings	: 8
core id		: 1
cpu cores	: 4
apicid		: 3
initial apicid	: 3
fpu		: yes
fpu_exception	: yes
cpuid level	: 13
wp		: yes
flags		: fpu vme de pse tsc msr pae mce cx8 apic sep mtrr pge mca cmov pat pse36 clflush dts acpi mmx fxsr sse sse2 ss ht tm pbe syscall nx pdpe1gb rdtscp lm constant_tsc arch_perfmon pebs bts rep_good nopl xtopology nonstop_tsc aperfmperf eagerfpu pni pclmulqdq dtes64 monitor ds_cpl vmx est tm2 ssse3 fma cx16 xtpr pdcm pcid sse4_1 sse4_2 movbe popcnt tsc_deadline_timer aes xsave avx f16c rdrand lahf_lm abm ida arat epb xsaveopt pln pts dtherm tpr_shadow vnmi flexpriority ept vpid fsgsbase tsc_adjust bmi1 avx2 smep bmi2 erms invpcid
bogomips	: 4788.48
clflush size	: 64
cache_alignment	: 64
address sizes	: 39 bits physical, 48 bits virtual
power management:

processor	: 6
vendor_id	: GenuineIntel
cpu family	: 6
model		: 60
model name	: Intel(R) Core(TM) i7-4700MQ CPU @ 2.40GHz
stepping	: 3
microcode	: 0x8
cpu MHz		: 1900.000
cache size	: 6144 KB
physical id	: 0
siblings	: 8
core id		: 2
cpu cores	: 4
apicid		: 5
initial apicid	: 5
fpu		: yes
fpu_exception	: yes
cpuid level	: 13
wp		: yes
flags		: fpu vme de pse tsc msr pae mce cx8 apic sep mtrr pge mca cmov pat pse36 clflush dts acpi mmx fxsr sse sse2 ss ht tm pbe syscall nx pdpe1gb rdtscp lm constant_tsc arch_perfmon pebs bts rep_good nopl xtopology nonstop_tsc aperfmperf eagerfpu pni pclmulqdq dtes64 monitor ds_cpl vmx est tm2 ssse3 fma cx16 xtpr pdcm pcid sse4_1 sse4_2 movbe popcnt tsc_deadline_timer aes xsave avx f16c rdrand lahf_lm abm ida arat epb xsaveopt pln pts dtherm tpr_shadow vnmi flexpriority ept vpid fsgsbase tsc_adjust bmi1 avx2 smep bmi2 erms invpcid
bogomips	: 4788.48
clflush size	: 64
cache_alignment	: 64
address sizes	: 39 bits physical, 48 bits virtual
power management:

processor	: 7
vendor_id	: GenuineIntel
cpu family	: 6
model		: 60
model name	: Intel(R) Core(TM) i7-4700MQ CPU @ 2.40GHz
stepping	: 3
microcode	: 0x8
cpu MHz		: 2401.000
cache size	: 6144 KB
physical id	: 0
siblings	: 8
core id		: 3
cpu cores	: 4
apicid		: 7
initial apicid	: 7
fpu		: yes
fpu_exception	: yes
cpuid level	: 13
wp		: yes
flags		: fpu vme de pse tsc msr pae mce cx8 apic sep mtrr pge mca cmov pat pse36 clflush dts acpi mmx fxsr sse sse2 ss ht tm pbe syscall nx pdpe1gb rdtscp lm constant_tsc arch_perfmon pebs bts rep_good nopl xtopology nonstop_tsc aperfmperf eagerfpu pni pclmulqdq dtes64 monitor ds_cpl vmx est tm2 ssse3 fma cx16 xtpr pdcm pcid sse4_1 sse4_2 movbe popcnt tsc_deadline_timer aes xsave avx f16c rdrand lahf_lm abm ida arat epb xsaveopt pln pts dtherm tpr_shadow vnmi flexpriority ept vpid fsgsbase tsc_adjust bmi1 avx2 smep bmi2 erms invpcid
bogomips	: 4788.48
clflush size	: 64
cache_alignment	: 64
address sizes	: 39 bits physical, 48 bits virtual
power management:



Memory: 4k page, physical 8086616k(104468k free), swap 0k(0k free)

vm_info: Java HotSpot(TM) 64-Bit Server VM (24.80-b11) for linux-amd64 JRE (1.7.0_80-b15), built on Apr 10 2015 19:53:14 by "java_re" with gcc 4.3.0 20080428 (Red Hat 4.3.0-8)

time: Tue Apr 21 23:26:46 2015
elapsed time: 11 seconds

