#
# There is insufficient memory for the Java Runtime Environment to continue.
# Native memory allocation (malloc) failed to allocate 152043520 bytes for committing reserved memory.
# Possible reasons:
#   The system is out of physical RAM or swap space
#   In 32 bit mode, the process size limit was hit
# Possible solutions:
#   Reduce memory load on the system
#   Increase physical memory or swap space
#   Check if swap backing store is full
#   Use 64 bit Java on a 64 bit OS
#   Decrease Java heap size (-Xmx/-Xms)
#   Decrease number of Java threads
#   Decrease Java thread stack sizes (-Xss)
#   Set larger code cache with -XX:ReservedCodeCacheSize=
# This output file may be truncated or incomplete.
#
#  Out of Memory Error (os_linux.cpp:2756), pid=17336, tid=140561622677248
#
# JRE version: Java(TM) SE Runtime Environment (7.0_80-b15) (build 1.7.0_80-b15)
# Java VM: Java HotSpot(TM) 64-Bit Server VM (24.80-b11 mixed mode linux-amd64 compressed oops)
# Failed to write core dump. Core dumps have been disabled. To enable core dumping, try "ulimit -c unlimited" before starting Java again
#

---------------  T H R E A D  ---------------

Current thread (0x00007fd734074800):  VMThread [stack: 0x00007fd70d86b000,0x00007fd70d96c000] [id=17349]

Stack: [0x00007fd70d86b000,0x00007fd70d96c000],  sp=0x00007fd70d96a340,  free space=1020k
Native frames: (J=compiled Java code, j=interpreted, Vv=VM code, C=native code)
V  [libjvm.so+0x9a320a]  VMError::report_and_die()+0x2ea
V  [libjvm.so+0x498d3b]  report_vm_out_of_memory(char const*, int, unsigned long, char const*)+0x9b
V  [libjvm.so+0x82191e]  os::Linux::commit_memory_impl(char*, unsigned long, bool)+0xfe
V  [libjvm.so+0x821e69]  os::pd_commit_memory(char*, unsigned long, unsigned long, bool)+0x29
V  [libjvm.so+0x81bb6a]  os::commit_memory(char*, unsigned long, unsigned long, bool)+0x2a
V  [libjvm.so+0x88d623]  PSVirtualSpace::expand_by(unsigned long)+0x53
V  [libjvm.so+0x88e9f8]  PSYoungGen::resize_generation(unsigned long, unsigned long)+0xf8
V  [libjvm.so+0x88db62]  PSYoungGen::resize(unsigned long, unsigned long)+0x22
V  [libjvm.so+0x88af1d]  PSScavenge::invoke_no_policy()+0xf3d
V  [libjvm.so+0x88b761]  PSScavenge::invoke()+0x41
V  [libjvm.so+0x843f40]  ParallelScavengeHeap::failed_mem_allocate(unsigned long)+0x70
V  [libjvm.so+0x9a4a97]  VM_ParallelGCFailedAllocation::doit()+0x97
V  [libjvm.so+0x9abf35]  VM_Operation::evaluate()+0x55
V  [libjvm.so+0x9aa2fa]  VMThread::evaluate_operation(VM_Operation*)+0xba
V  [libjvm.so+0x9aa67e]  VMThread::loop()+0x1ce
V  [libjvm.so+0x9aaaf0]  VMThread::run()+0x70
V  [libjvm.so+0x8238c8]  java_start(Thread*)+0x108

VM_Operation (0x00007fd73c816450): ParallelGCFailedAllocation, mode: safepoint, requested by thread 0x00007fd73400c000


---------------  P R O C E S S  ---------------

Java Threads: ( => current thread )
  0x00007fd7340a3800 JavaThread "Service Thread" daemon [_thread_blocked, id=17355, stack(0x00007fd70cb81000,0x00007fd70cc82000)]
  0x00007fd7340a1800 JavaThread "C2 CompilerThread1" daemon [_thread_blocked, id=17354, stack(0x00007fd70cc82000,0x00007fd70cd83000)]
  0x00007fd73409e800 JavaThread "C2 CompilerThread0" daemon [_thread_blocked, id=17353, stack(0x00007fd70cd83000,0x00007fd70ce84000)]
  0x00007fd73409c800 JavaThread "Signal Dispatcher" daemon [_thread_blocked, id=17352, stack(0x00007fd70ce84000,0x00007fd70cf85000)]
  0x00007fd73407b000 JavaThread "Finalizer" daemon [_thread_blocked, id=17351, stack(0x00007fd70d669000,0x00007fd70d76a000)]
  0x00007fd734079000 JavaThread "Reference Handler" daemon [_thread_blocked, id=17350, stack(0x00007fd70d76a000,0x00007fd70d86b000)]
  0x00007fd73400c000 JavaThread "main" [_thread_blocked, id=17340, stack(0x00007fd73c717000,0x00007fd73c818000)]

Other Threads:
=>0x00007fd734074800 VMThread [stack: 0x00007fd70d86b000,0x00007fd70d96c000] [id=17349]
  0x00007fd7340ae800 WatcherThread [stack: 0x00007fd70ca80000,0x00007fd70cb81000] [id=17356]

VM state:at safepoint (normal execution)

VM Mutex/Monitor currently owned by a thread:  ([mutex/lock_event])
[0x00007fd7340083d0] Threads_lock - owner thread: 0x00007fd734074800
[0x00007fd7340088d0] Heap_lock - owner thread: 0x00007fd73400c000

Heap
 PSYoungGen      total 156672K, used 32227K [0x00000000eaa80000, 0x00000000f6780000, 0x0000000100000000)
  eden space 124416K, 0% used [0x00000000eaa80000,0x00000000eaa80000,0x00000000f2400000)
  from space 32256K, 99% used [0x00000000f2400000,0x00000000f4378e90,0x00000000f4380000)
  to   space 27648K, 0% used [0x00000000f4380000,0x00000000f4380000,0x00000000f5e80000)
 ParOldGen       total 83968K, used 58353K [0x00000000c0000000, 0x00000000c5200000, 0x00000000eaa80000)
  object space 83968K, 69% used [0x00000000c0000000,0x00000000c38fc600,0x00000000c5200000)
 PSPermGen       total 21504K, used 6940K [0x00000000bae00000, 0x00000000bc300000, 0x00000000c0000000)
  object space 21504K, 32% used [0x00000000bae00000,0x00000000bb4c72f0,0x00000000bc300000)

Card table byte_map: [0x00007fd7397e2000,0x00007fd739a0c000] byte_map_base: 0x00007fd73920b000

Polling page: 0x00007fd73c83c000

Code Cache  [0x00007fd731000000, 0x00007fd731270000, 0x00007fd734000000)
 total_blobs=1007 nmethods=757 adapters=203 free_code_cache=47097Kb largest_free_block=48165376

Compilation events (10 events):
Event: 2.688 Thread 0x00007fd73409e800 nmethod 782 0x00007fd7310aeb10 code [0x00007fd7310aec40, 0x00007fd7310aec98]
Event: 2.688 Thread 0x00007fd73409e800  783             com.android.dx.io.instructions.FiveRegisterDecodedInstruction::getB (5 bytes)
Event: 2.689 Thread 0x00007fd73409e800 nmethod 783 0x00007fd7310ae910 code [0x00007fd7310aea40, 0x00007fd7310aea98]
Event: 2.689 Thread 0x00007fd73409e800  784             com.android.dx.io.instructions.FiveRegisterDecodedInstruction::getC (5 bytes)
Event: 2.689 Thread 0x00007fd73409e800 nmethod 784 0x00007fd7310ae710 code [0x00007fd7310ae840, 0x00007fd7310ae898]
Event: 2.689 Thread 0x00007fd73409e800  785             com.android.dx.io.instructions.FiveRegisterDecodedInstruction::getD (5 bytes)
Event: 2.689 Thread 0x00007fd73409e800 nmethod 785 0x00007fd7310ae4d0 code [0x00007fd7310ae600, 0x00007fd7310ae658]
Event: 2.690 Thread 0x00007fd7340a1800 nmethod 773 0x00007fd7311eb290 code [0x00007fd7311eb420, 0x00007fd7311eb908]
Event: 2.713 Thread 0x00007fd73409e800  786             com.android.dx.merge.IndexMap::putAnnotationDirectoryOffset (33 bytes)
Event: 2.713 Thread 0x00007fd7340a1800  787             com.android.dx.merge.DexMerger::transformAnnotationDirectory (239 bytes)

GC Heap History (10 events):
Event: 1.321 GC heap after
Heap after GC invocations=2 (full 0):
 PSYoungGen      total 37376K, used 5089K [0x00000000eaa80000, 0x00000000ef380000, 0x0000000100000000)
  eden space 32256K, 0% used [0x00000000eaa80000,0x00000000eaa80000,0x00000000eca00000)
  from space 5120K, 99% used [0x00000000ecf00000,0x00000000ed3f8560,0x00000000ed400000)
  to   space 5120K, 0% used [0x00000000eca00000,0x00000000eca00000,0x00000000ecf00000)
 ParOldGen       total 83968K, used 9744K [0x00000000c0000000, 0x00000000c5200000, 0x00000000eaa80000)
  object space 83968K, 11% used [0x00000000c0000000,0x00000000c0984260,0x00000000c5200000)
 PSPermGen       total 21504K, used 5658K [0x00000000bae00000, 0x00000000bc300000, 0x00000000c0000000)
  object space 21504K, 26% used [0x00000000bae00000,0x00000000bb386990,0x00000000bc300000)
}
Event: 1.848 GC heap before
{Heap before GC invocations=3 (full 0):
 PSYoungGen      total 37376K, used 37345K [0x00000000eaa80000, 0x00000000ef380000, 0x0000000100000000)
  eden space 32256K, 100% used [0x00000000eaa80000,0x00000000eca00000,0x00000000eca00000)
  from space 5120K, 99% used [0x00000000ecf00000,0x00000000ed3f8560,0x00000000ed400000)
  to   space 5120K, 0% used [0x00000000eca00000,0x00000000eca00000,0x00000000ecf00000)
 ParOldGen       total 83968K, used 9744K [0x00000000c0000000, 0x00000000c5200000, 0x00000000eaa80000)
  object space 83968K, 11% used [0x00000000c0000000,0x00000000c0984260,0x00000000c5200000)
 PSPermGen       total 21504K, used 6789K [0x00000000bae00000, 0x00000000bc300000, 0x00000000c0000000)
  object space 21504K, 31% used [0x00000000bae00000,0x00000000bb4a17a8,0x00000000bc300000)
Event: 1.854 GC heap after
Heap after GC invocations=3 (full 0):
 PSYoungGen      total 37376K, used 5089K [0x00000000eaa80000, 0x00000000ef380000, 0x0000000100000000)
  eden space 32256K, 0% used [0x00000000eaa80000,0x00000000eaa80000,0x00000000eca00000)
  from space 5120K, 99% used [0x00000000eca00000,0x00000000ecef8578,0x00000000ecf00000)
  to   space 5120K, 0% used [0x00000000eee80000,0x00000000eee80000,0x00000000ef380000)
 ParOldGen       total 83968K, used 14260K [0x00000000c0000000, 0x00000000c5200000, 0x00000000eaa80000)
  object space 83968K, 16% used [0x00000000c0000000,0x00000000c0ded2b0,0x00000000c5200000)
 PSPermGen       total 21504K, used 6789K [0x00000000bae00000, 0x00000000bc300000, 0x00000000c0000000)
  object space 21504K, 31% used [0x00000000bae00000,0x00000000bb4a17a8,0x00000000bc300000)
}
Event: 2.023 GC heap before
{Heap before GC invocations=4 (full 0):
 PSYoungGen      total 37376K, used 37345K [0x00000000eaa80000, 0x00000000ef380000, 0x0000000100000000)
  eden space 32256K, 100% used [0x00000000eaa80000,0x00000000eca00000,0x00000000eca00000)
  from space 5120K, 99% used [0x00000000eca00000,0x00000000ecef8578,0x00000000ecf00000)
  to   space 5120K, 0% used [0x00000000eee80000,0x00000000eee80000,0x00000000ef380000)
 ParOldGen       total 83968K, used 14260K [0x00000000c0000000, 0x00000000c5200000, 0x00000000eaa80000)
  object space 83968K, 16% used [0x00000000c0000000,0x00000000c0ded2b0,0x00000000c5200000)
 PSPermGen       total 21504K, used 6822K [0x00000000bae00000, 0x00000000bc300000, 0x00000000c0000000)
  object space 21504K, 31% used [0x00000000bae00000,0x00000000bb4a9b18,0x00000000bc300000)
Event: 2.047 GC heap after
Heap after GC invocations=4 (full 0):
 PSYoungGen      total 69632K, used 4701K [0x00000000eaa80000, 0x00000000ef380000, 0x0000000100000000)
  eden space 64512K, 0% used [0x00000000eaa80000,0x00000000eaa80000,0x00000000ee980000)
  from space 5120K, 91% used [0x00000000eee80000,0x00000000ef3174d0,0x00000000ef380000)
  to   space 5120K, 0% used [0x00000000ee980000,0x00000000ee980000,0x00000000eee80000)
 ParOldGen       total 83968K, used 16891K [0x00000000c0000000, 0x00000000c5200000, 0x00000000eaa80000)
  object space 83968K, 20% used [0x00000000c0000000,0x00000000c107ee40,0x00000000c5200000)
 PSPermGen       total 21504K, used 6822K [0x00000000bae00000, 0x00000000bc300000, 0x00000000c0000000)
  object space 21504K, 31% used [0x00000000bae00000,0x00000000bb4a9b18,0x00000000bc300000)
}
Event: 2.299 GC heap before
{Heap before GC invocations=5 (full 0):
 PSYoungGen      total 69632K, used 69213K [0x00000000eaa80000, 0x00000000ef380000, 0x0000000100000000)
  eden space 64512K, 100% used [0x00000000eaa80000,0x00000000ee980000,0x00000000ee980000)
  from space 5120K, 91% used [0x00000000eee80000,0x00000000ef3174d0,0x00000000ef380000)
  to   space 5120K, 0% used [0x00000000ee980000,0x00000000ee980000,0x00000000eee80000)
 ParOldGen       total 83968K, used 16891K [0x00000000c0000000, 0x00000000c5200000, 0x00000000eaa80000)
  object space 83968K, 20% used [0x00000000c0000000,0x00000000c107ee40,0x00000000c5200000)
 PSPermGen       total 21504K, used 6922K [0x00000000bae00000, 0x00000000bc300000, 0x00000000c0000000)
  object space 21504K, 32% used [0x00000000bae00000,0x00000000bb4c2a30,0x00000000bc300000)
Event: 2.328 GC heap after
Heap after GC invocations=5 (full 0):
 PSYoungGen      total 69632K, used 5099K [0x00000000eaa80000, 0x00000000f5e80000, 0x0000000100000000)
  eden space 64512K, 0% used [0x00000000eaa80000,0x00000000eaa80000,0x00000000ee980000)
  from space 5120K, 99% used [0x00000000ee980000,0x00000000eee7ad28,0x00000000eee80000)
  to   space 27648K, 0% used [0x00000000f4380000,0x00000000f4380000,0x00000000f5e80000)
 ParOldGen       total 83968K, used 42460K [0x00000000c0000000, 0x00000000c5200000, 0x00000000eaa80000)
  object space 83968K, 50% used [0x00000000c0000000,0x00000000c2977178,0x00000000c5200000)
 PSPermGen       total 21504K, used 6922K [0x00000000bae00000, 0x00000000bc300000, 0x00000000c0000000)
  object space 21504K, 32% used [0x00000000bae00000,0x00000000bb4c2a30,0x00000000bc300000)
}
Event: 2.470 GC heap before
{Heap before GC invocations=6 (full 0):
 PSYoungGen      total 69632K, used 69359K [0x00000000eaa80000, 0x00000000f5e80000, 0x0000000100000000)
  eden space 64512K, 99% used [0x00000000eaa80000,0x00000000ee941048,0x00000000ee980000)
  from space 5120K, 99% used [0x00000000ee980000,0x00000000eee7ad28,0x00000000eee80000)
  to   space 27648K, 0% used [0x00000000f4380000,0x00000000f4380000,0x00000000f5e80000)
 ParOldGen       total 83968K, used 42460K [0x00000000c0000000, 0x00000000c5200000, 0x00000000eaa80000)
  object space 83968K, 50% used [0x00000000c0000000,0x00000000c2977178,0x00000000c5200000)
 PSPermGen       total 21504K, used 6929K [0x00000000bae00000, 0x00000000bc300000, 0x00000000c0000000)
  object space 21504K, 32% used [0x00000000bae00000,0x00000000bb4c4710,0x00000000bc300000)
Event: 2.478 GC heap after
Heap after GC invocations=6 (full 0):
 PSYoungGen      total 152064K, used 25257K [0x00000000eaa80000, 0x00000000f6780000, 0x0000000100000000)
  eden space 124416K, 0% used [0x00000000eaa80000,0x00000000eaa80000,0x00000000f2400000)
  from space 27648K, 91% used [0x00000000f4380000,0x00000000f5c2a760,0x00000000f5e80000)
  to   space 32256K, 0% used [0x00000000f2400000,0x00000000f2400000,0x00000000f4380000)
 ParOldGen       total 83968K, used 42460K [0x00000000c0000000, 0x00000000c5200000, 0x00000000eaa80000)
  object space 83968K, 50% used [0x00000000c0000000,0x00000000c2977178,0x00000000c5200000)
 PSPermGen       total 21504K, used 6929K [0x00000000bae00000, 0x00000000bc300000, 0x00000000c0000000)
  object space 21504K, 32% used [0x00000000bae00000,0x00000000bb4c4710,0x00000000bc300000)
}
Event: 2.715 GC heap before
{Heap before GC invocations=7 (full 0):
 PSYoungGen      total 152064K, used 149673K [0x00000000eaa80000, 0x00000000f6780000, 0x0000000100000000)
  eden space 124416K, 100% used [0x00000000eaa80000,0x00000000f2400000,0x00000000f2400000)
  from space 27648K, 91% used [0x00000000f4380000,0x00000000f5c2a760,0x00000000f5e80000)
  to   space 32256K, 0% used [0x00000000f2400000,0x00000000f2400000,0x00000000f4380000)
 ParOldGen       total 83968K, used 42460K [0x00000000c0000000, 0x00000000c5200000, 0x00000000eaa80000)
  object space 83968K, 50% used [0x00000000c0000000,0x00000000c2977178,0x00000000c5200000)
 PSPermGen       total 21504K, used 6940K [0x00000000bae00000, 0x00000000bc300000, 0x00000000c0000000)
  object space 21504K, 32% used [0x00000000bae00000,0x00000000bb4c72f0,0x00000000bc300000)

Deoptimization events (10 events):
Event: 2.199 Thread 0x00007fd73400c000 Uncommon trap: reason=array_check action=maybe_recompile pc=0x00007fd73109443c method=java.util.TimSort.binarySort([Ljava/lang/Object;IIILjava/util/Comparator;)V @ 193
Event: 2.199 Thread 0x00007fd73400c000 Uncommon trap: reason=array_check action=maybe_recompile pc=0x00007fd73109443c method=java.util.TimSort.binarySort([Ljava/lang/Object;IIILjava/util/Comparator;)V @ 193
Event: 2.199 Thread 0x00007fd73400c000 Uncommon trap: reason=array_check action=maybe_recompile pc=0x00007fd731094524 method=java.util.TimSort.binarySort([Ljava/lang/Object;IIILjava/util/Comparator;)V @ 183
Event: 2.199 Thread 0x00007fd73400c000 Uncommon trap: reason=array_check action=maybe_recompile pc=0x00007fd731094524 method=java.util.TimSort.binarySort([Ljava/lang/Object;IIILjava/util/Comparator;)V @ 183
Event: 2.260 Thread 0x00007fd73400c000 Uncommon trap: reason=array_check action=maybe_recompile pc=0x00007fd7311cfe9c method=java.util.TimSort.binarySort([Ljava/lang/Object;IIILjava/util/Comparator;)V @ 215
Event: 2.260 Thread 0x00007fd73400c000 Uncommon trap: reason=array_check action=maybe_recompile pc=0x00007fd7311cfe9c method=java.util.TimSort.binarySort([Ljava/lang/Object;IIILjava/util/Comparator;)V @ 215
Event: 2.338 Thread 0x00007fd73400c000 Uncommon trap: reason=array_check action=maybe_recompile pc=0x00007fd7311d6994 method=java.util.ComparableTimSort.binarySort([Ljava/lang/Object;III)V @ 183
Event: 2.376 Thread 0x00007fd73400c000 Uncommon trap: reason=array_check action=maybe_recompile pc=0x00007fd7311d6994 method=java.util.ComparableTimSort.binarySort([Ljava/lang/Object;III)V @ 183
Event: 2.427 Thread 0x00007fd73400c000 Uncommon trap: reason=unstable_if action=reinterpret pc=0x00007fd7311ee91c method=java.util.ComparableTimSort.mergeHi(IIII)V @ 553
Event: 2.573 Thread 0x00007fd73400c000 Uncommon trap: reason=unstable_if action=reinterpret pc=0x00007fd7311c4968 method=com.android.dx.merge.DexMerger.transformAnnotationDirectory(Lcom/android/dex/Dex$Section;Lcom/android/dx/merge/IndexMap;)V @ 199

Internal exceptions (10 events):
Event: 1.502 Thread 0x00007fd73400c000 Threw 0x00000000eae59c20 at /HUDSON/workspace/7u-2-build-linux-amd64/jdk7u80/2329/hotspot/src/share/vm/prims/jvm.cpp:1319
Event: 1.502 Thread 0x00007fd73400c000 Threw 0x00000000eae5cdf8 at /HUDSON/workspace/7u-2-build-linux-amd64/jdk7u80/2329/hotspot/src/share/vm/prims/jvm.cpp:1319
Event: 1.502 Thread 0x00007fd73400c000 Threw 0x00000000eae60120 at /HUDSON/workspace/7u-2-build-linux-amd64/jdk7u80/2329/hotspot/src/share/vm/prims/jvm.cpp:1319
Event: 1.503 Thread 0x00007fd73400c000 Threw 0x00000000eae65300 at /HUDSON/workspace/7u-2-build-linux-amd64/jdk7u80/2329/hotspot/src/share/vm/prims/jvm.cpp:1319
Event: 1.503 Thread 0x00007fd73400c000 Threw 0x00000000eae68038 at /HUDSON/workspace/7u-2-build-linux-amd64/jdk7u80/2329/hotspot/src/share/vm/prims/jvm.cpp:1319
Event: 1.503 Thread 0x00007fd73400c000 Threw 0x00000000eae6af30 at /HUDSON/workspace/7u-2-build-linux-amd64/jdk7u80/2329/hotspot/src/share/vm/prims/jvm.cpp:1319
Event: 1.504 Thread 0x00007fd73400c000 Threw 0x00000000eae6e240 at /HUDSON/workspace/7u-2-build-linux-amd64/jdk7u80/2329/hotspot/src/share/vm/prims/jvm.cpp:1319
Event: 1.505 Thread 0x00007fd73400c000 Threw 0x00000000eae75580 at /HUDSON/workspace/7u-2-build-linux-amd64/jdk7u80/2329/hotspot/src/share/vm/prims/jvm.cpp:1319
Event: 1.505 Thread 0x00007fd73400c000 Threw 0x00000000eae775d8 at /HUDSON/workspace/7u-2-build-linux-amd64/jdk7u80/2329/hotspot/src/share/vm/prims/jvm.cpp:1319
Event: 1.784 Thread 0x00007fd73400c000 Threw 0x00000000ec33c610 at /HUDSON/workspace/7u-2-build-linux-amd64/jdk7u80/2329/hotspot/src/share/vm/prims/jvm.cpp:1319

Events (10 events):
Event: 2.583 Thread 0x00007fd73409e800 flushing nmethod 0x00007fd73113e010
Event: 2.583 Thread 0x00007fd73409e800 flushing nmethod 0x00007fd73113f8d0
Event: 2.583 Thread 0x00007fd73409e800 flushing nmethod 0x00007fd73113fe50
Event: 2.583 Thread 0x00007fd73409e800 flushing nmethod 0x00007fd731141cd0
Event: 2.585 Thread 0x00007fd73409e800 flushing nmethod 0x00007fd73114f3d0
Event: 2.585 Thread 0x00007fd73409e800 flushing nmethod 0x00007fd731150650
Event: 2.590 Thread 0x00007fd7340a1800 flushing nmethod 0x00007fd73115d290
Event: 2.590 Thread 0x00007fd7340a1800 flushing nmethod 0x00007fd73115d510
Event: 2.590 Thread 0x00007fd7340a1800 flushing nmethod 0x00007fd731160790
Event: 2.715 Executing VM operation: ParallelGCFailedAllocation


Dynamic libraries:
00400000-00401000 r-xp 00000000 08:05 1185888                            /usr/lib/jvm/java-7-oracle/bin/java
00600000-00601000 rw-p 00000000 08:05 1185888                            /usr/lib/jvm/java-7-oracle/bin/java
00bd8000-00bf9000 rw-p 00000000 00:00 0                                  [heap]
bae00000-bc300000 rw-p 00000000 00:00 0 
bc300000-c0000000 rw-p 00000000 00:00 0 
c0000000-c5200000 rw-p 00000000 00:00 0 
c5200000-eaa80000 rw-p 00000000 00:00 0 
eaa80000-f6780000 rw-p 00000000 00:00 0 
ff880000-100000000 rw-p 00000000 00:00 0 
7fd6e8000000-7fd6e8021000 rw-p 00000000 00:00 0 
7fd6e8021000-7fd6ec000000 ---p 00000000 00:00 0 
7fd6f0000000-7fd6f0bbb000 rw-p 00000000 00:00 0 
7fd6f0bbb000-7fd6f4000000 ---p 00000000 00:00 0 
7fd6f4000000-7fd6f4021000 rw-p 00000000 00:00 0 
7fd6f4021000-7fd6f8000000 ---p 00000000 00:00 0 
7fd6f8000000-7fd6f8021000 rw-p 00000000 00:00 0 
7fd6f8021000-7fd6fc000000 ---p 00000000 00:00 0 
7fd6fc000000-7fd6fc94d000 rw-p 00000000 00:00 0 
7fd6fc94d000-7fd700000000 ---p 00000000 00:00 0 
7fd700000000-7fd700021000 rw-p 00000000 00:00 0 
7fd700021000-7fd704000000 ---p 00000000 00:00 0 
7fd704000000-7fd704021000 rw-p 00000000 00:00 0 
7fd704021000-7fd708000000 ---p 00000000 00:00 0 
7fd708000000-7fd7080e2000 rw-p 00000000 00:00 0 
7fd7080e2000-7fd70c000000 ---p 00000000 00:00 0 
7fd70c4eb000-7fd70c658000 rw-p 00000000 00:00 0 
7fd70c658000-7fd70c66f000 r-xp 00000000 08:05 1320024                    /usr/lib/jvm/java-7-oracle/jre/lib/amd64/libnet.so
7fd70c66f000-7fd70c86e000 ---p 00017000 08:05 1320024                    /usr/lib/jvm/java-7-oracle/jre/lib/amd64/libnet.so
7fd70c86e000-7fd70c86f000 rw-p 00016000 08:05 1320024                    /usr/lib/jvm/java-7-oracle/jre/lib/amd64/libnet.so
7fd70c86f000-7fd70c87f000 r-xp 00000000 08:05 1319979                    /usr/lib/jvm/java-7-oracle/jre/lib/amd64/libnio.so
7fd70c87f000-7fd70ca7f000 ---p 00010000 08:05 1319979                    /usr/lib/jvm/java-7-oracle/jre/lib/amd64/libnio.so
7fd70ca7f000-7fd70ca80000 rw-p 00010000 08:05 1319979                    /usr/lib/jvm/java-7-oracle/jre/lib/amd64/libnio.so
7fd70ca80000-7fd70ca81000 ---p 00000000 00:00 0 
7fd70ca81000-7fd70cb81000 rw-p 00000000 00:00 0                          [stack:17356]
7fd70cb81000-7fd70cb84000 ---p 00000000 00:00 0 
7fd70cb84000-7fd70cc82000 rw-p 00000000 00:00 0                          [stack:17355]
7fd70cc82000-7fd70cc85000 ---p 00000000 00:00 0 
7fd70cc85000-7fd70cd83000 rw-p 00000000 00:00 0                          [stack:17354]
7fd70cd83000-7fd70cd86000 ---p 00000000 00:00 0 
7fd70cd86000-7fd70ce84000 rw-p 00000000 00:00 0                          [stack:17353]
7fd70ce84000-7fd70ce87000 ---p 00000000 00:00 0 
7fd70ce87000-7fd70cf85000 rw-p 00000000 00:00 0                          [stack:17352]
7fd70cf85000-7fd70d669000 r--p 00000000 08:05 793055                     /usr/lib/locale/locale-archive
7fd70d669000-7fd70d66c000 ---p 00000000 00:00 0 
7fd70d66c000-7fd70d76a000 rw-p 00000000 00:00 0                          [stack:17351]
7fd70d76a000-7fd70d76d000 ---p 00000000 00:00 0 
7fd70d76d000-7fd70d86b000 rw-p 00000000 00:00 0                          [stack:17350]
7fd70d86b000-7fd70d86c000 ---p 00000000 00:00 0 
7fd70d86c000-7fd710000000 rw-p 00000000 00:00 0                          [stack:17349]
7fd710000000-7fd710021000 rw-p 00000000 00:00 0 
7fd710021000-7fd714000000 ---p 00000000 00:00 0 
7fd714000000-7fd714021000 rw-p 00000000 00:00 0 
7fd714021000-7fd718000000 ---p 00000000 00:00 0 
7fd718000000-7fd718021000 rw-p 00000000 00:00 0 
7fd718021000-7fd71c000000 ---p 00000000 00:00 0 
7fd71c000000-7fd71c021000 rw-p 00000000 00:00 0 
7fd71c021000-7fd720000000 ---p 00000000 00:00 0 
7fd720000000-7fd720021000 rw-p 00000000 00:00 0 
7fd720021000-7fd724000000 ---p 00000000 00:00 0 
7fd724000000-7fd724021000 rw-p 00000000 00:00 0 
7fd724021000-7fd728000000 ---p 00000000 00:00 0 
7fd728000000-7fd728021000 rw-p 00000000 00:00 0 
7fd728021000-7fd72c000000 ---p 00000000 00:00 0 
7fd72c000000-7fd72c021000 rw-p 00000000 00:00 0 
7fd72c021000-7fd730000000 ---p 00000000 00:00 0 
7fd7300ea000-7fd731000000 rw-p 00000000 00:00 0 
7fd731000000-7fd731270000 rwxp 00000000 00:00 0 
7fd731270000-7fd73422b000 rw-p 00000000 00:00 0 
7fd73422b000-7fd738000000 ---p 00000000 00:00 0 
7fd738004000-7fd738979000 rw-p 00000000 00:00 0 
7fd738979000-7fd738b39000 r--s 039fb000 08:05 1202299                    /usr/lib/jvm/java-7-oracle/jre/lib/rt.jar
7fd738b39000-7fd738e5b000 rw-p 00000000 00:00 0 
7fd738e5b000-7fd738e5c000 ---p 00000000 00:00 0 
7fd738e5c000-7fd738f5c000 rw-p 00000000 00:00 0                          [stack:17348]
7fd738f5c000-7fd738f5d000 ---p 00000000 00:00 0 
7fd738f5d000-7fd73905d000 rw-p 00000000 00:00 0                          [stack:17347]
7fd73905d000-7fd73905e000 ---p 00000000 00:00 0 
7fd73905e000-7fd73915e000 rw-p 00000000 00:00 0                          [stack:17346]
7fd73915e000-7fd73915f000 ---p 00000000 00:00 0 
7fd73915f000-7fd73925f000 rw-p 00000000 00:00 0                          [stack:17345]
7fd73925f000-7fd739260000 ---p 00000000 00:00 0 
7fd739260000-7fd739360000 rw-p 00000000 00:00 0                          [stack:17344]
7fd739360000-7fd739361000 ---p 00000000 00:00 0 
7fd739361000-7fd739461000 rw-p 00000000 00:00 0                          [stack:17343]
7fd739461000-7fd739462000 ---p 00000000 00:00 0 
7fd739462000-7fd739562000 rw-p 00000000 00:00 0                          [stack:17342]
7fd739562000-7fd739563000 ---p 00000000 00:00 0 
7fd739563000-7fd73966e000 rw-p 00000000 00:00 0                          [stack:17341]
7fd73966e000-7fd73968c000 rw-p 00000000 00:00 0 
7fd73968c000-7fd7396b5000 rw-p 00000000 00:00 0 
7fd7396b5000-7fd7397e2000 rw-p 00000000 00:00 0 
7fd7397e2000-7fd7397ed000 rw-p 00000000 00:00 0 
7fd7397ed000-7fd73980b000 rw-p 00000000 00:00 0 
7fd73980b000-7fd739834000 rw-p 00000000 00:00 0 
7fd739834000-7fd739960000 rw-p 00000000 00:00 0 
7fd739960000-7fd7399bf000 rw-p 00000000 00:00 0 
7fd7399bf000-7fd739a0b000 rw-p 00000000 00:00 0 
7fd739a0b000-7fd739a0c000 rw-p 00000000 00:00 0 
7fd739a0c000-7fd739a23000 r-xp 00000000 08:05 1319982                    /usr/lib/jvm/java-7-oracle/jre/lib/amd64/libzip.so
7fd739a23000-7fd739c23000 ---p 00017000 08:05 1319982                    /usr/lib/jvm/java-7-oracle/jre/lib/amd64/libzip.so
7fd739c23000-7fd739c24000 rw-p 00017000 08:05 1319982                    /usr/lib/jvm/java-7-oracle/jre/lib/amd64/libzip.so
7fd739c24000-7fd739c2f000 r-xp 00000000 08:05 2224098                    /lib/x86_64-linux-gnu/libnss_files-2.19.so
7fd739c2f000-7fd739e2e000 ---p 0000b000 08:05 2224098                    /lib/x86_64-linux-gnu/libnss_files-2.19.so
7fd739e2e000-7fd739e2f000 r--p 0000a000 08:05 2224098                    /lib/x86_64-linux-gnu/libnss_files-2.19.so
7fd739e2f000-7fd739e30000 rw-p 0000b000 08:05 2224098                    /lib/x86_64-linux-gnu/libnss_files-2.19.so
7fd739e30000-7fd739e3b000 r-xp 00000000 08:05 2224118                    /lib/x86_64-linux-gnu/libnss_nis-2.19.so
7fd739e3b000-7fd73a03a000 ---p 0000b000 08:05 2224118                    /lib/x86_64-linux-gnu/libnss_nis-2.19.so
7fd73a03a000-7fd73a03b000 r--p 0000a000 08:05 2224118                    /lib/x86_64-linux-gnu/libnss_nis-2.19.so
7fd73a03b000-7fd73a03c000 rw-p 0000b000 08:05 2224118                    /lib/x86_64-linux-gnu/libnss_nis-2.19.so
7fd73a03c000-7fd73a053000 r-xp 00000000 08:05 2224107                    /lib/x86_64-linux-gnu/libnsl-2.19.so
7fd73a053000-7fd73a252000 ---p 00017000 08:05 2224107                    /lib/x86_64-linux-gnu/libnsl-2.19.so
7fd73a252000-7fd73a253000 r--p 00016000 08:05 2224107                    /lib/x86_64-linux-gnu/libnsl-2.19.so
7fd73a253000-7fd73a254000 rw-p 00017000 08:05 2224107                    /lib/x86_64-linux-gnu/libnsl-2.19.so
7fd73a254000-7fd73a256000 rw-p 00000000 00:00 0 
7fd73a256000-7fd73a25f000 r-xp 00000000 08:05 2224106                    /lib/x86_64-linux-gnu/libnss_compat-2.19.so
7fd73a25f000-7fd73a45e000 ---p 00009000 08:05 2224106                    /lib/x86_64-linux-gnu/libnss_compat-2.19.so
7fd73a45e000-7fd73a45f000 r--p 00008000 08:05 2224106                    /lib/x86_64-linux-gnu/libnss_compat-2.19.so
7fd73a45f000-7fd73a460000 rw-p 00009000 08:05 2224106                    /lib/x86_64-linux-gnu/libnss_compat-2.19.so
7fd73a460000-7fd73a489000 r-xp 00000000 08:05 1320043                    /usr/lib/jvm/java-7-oracle/jre/lib/amd64/libjava.so
7fd73a489000-7fd73a689000 ---p 00029000 08:05 1320043                    /usr/lib/jvm/java-7-oracle/jre/lib/amd64/libjava.so
7fd73a689000-7fd73a68b000 rw-p 00029000 08:05 1320043                    /usr/lib/jvm/java-7-oracle/jre/lib/amd64/libjava.so
7fd73a68b000-7fd73a698000 r-xp 00000000 08:05 1320049                    /usr/lib/jvm/java-7-oracle/jre/lib/amd64/libverify.so
7fd73a698000-7fd73a897000 ---p 0000d000 08:05 1320049                    /usr/lib/jvm/java-7-oracle/jre/lib/amd64/libverify.so
7fd73a897000-7fd73a899000 rw-p 0000c000 08:05 1320049                    /usr/lib/jvm/java-7-oracle/jre/lib/amd64/libverify.so
7fd73a899000-7fd73a8a0000 r-xp 00000000 08:05 2224115                    /lib/x86_64-linux-gnu/librt-2.19.so
7fd73a8a0000-7fd73aa9f000 ---p 00007000 08:05 2224115                    /lib/x86_64-linux-gnu/librt-2.19.so
7fd73aa9f000-7fd73aaa0000 r--p 00006000 08:05 2224115                    /lib/x86_64-linux-gnu/librt-2.19.so
7fd73aaa0000-7fd73aaa1000 rw-p 00007000 08:05 2224115                    /lib/x86_64-linux-gnu/librt-2.19.so
7fd73aaa1000-7fd73aba6000 r-xp 00000000 08:05 2224097                    /lib/x86_64-linux-gnu/libm-2.19.so
7fd73aba6000-7fd73ada5000 ---p 00105000 08:05 2224097                    /lib/x86_64-linux-gnu/libm-2.19.so
7fd73ada5000-7fd73ada6000 r--p 00104000 08:05 2224097                    /lib/x86_64-linux-gnu/libm-2.19.so
7fd73ada6000-7fd73ada7000 rw-p 00105000 08:05 2224097                    /lib/x86_64-linux-gnu/libm-2.19.so
7fd73ada7000-7fd73b91d000 r-xp 00000000 08:05 1320013                    /usr/lib/jvm/java-7-oracle/jre/lib/amd64/server/libjvm.so
7fd73b91d000-7fd73bb1c000 ---p 00b76000 08:05 1320013                    /usr/lib/jvm/java-7-oracle/jre/lib/amd64/server/libjvm.so
7fd73bb1c000-7fd73bbe0000 rw-p 00b75000 08:05 1320013                    /usr/lib/jvm/java-7-oracle/jre/lib/amd64/server/libjvm.so
7fd73bbe0000-7fd73bc21000 rw-p 00000000 00:00 0 
7fd73bc21000-7fd73bddc000 r-xp 00000000 08:05 2224112                    /lib/x86_64-linux-gnu/libc-2.19.so
7fd73bddc000-7fd73bfdb000 ---p 001bb000 08:05 2224112                    /lib/x86_64-linux-gnu/libc-2.19.so
7fd73bfdb000-7fd73bfdf000 r--p 001ba000 08:05 2224112                    /lib/x86_64-linux-gnu/libc-2.19.so
7fd73bfdf000-7fd73bfe1000 rw-p 001be000 08:05 2224112                    /lib/x86_64-linux-gnu/libc-2.19.so
7fd73bfe1000-7fd73bfe6000 rw-p 00000000 00:00 0 
7fd73bfe6000-7fd73bfe9000 r-xp 00000000 08:05 2224101                    /lib/x86_64-linux-gnu/libdl-2.19.so
7fd73bfe9000-7fd73c1e8000 ---p 00003000 08:05 2224101                    /lib/x86_64-linux-gnu/libdl-2.19.so
7fd73c1e8000-7fd73c1e9000 r--p 00002000 08:05 2224101                    /lib/x86_64-linux-gnu/libdl-2.19.so
7fd73c1e9000-7fd73c1ea000 rw-p 00003000 08:05 2224101                    /lib/x86_64-linux-gnu/libdl-2.19.so
7fd73c1ea000-7fd73c1ff000 r-xp 00000000 08:05 1202041                    /usr/lib/jvm/java-7-oracle/lib/amd64/jli/libjli.so
7fd73c1ff000-7fd73c3fe000 ---p 00015000 08:05 1202041                    /usr/lib/jvm/java-7-oracle/lib/amd64/jli/libjli.so
7fd73c3fe000-7fd73c3ff000 rw-p 00014000 08:05 1202041                    /usr/lib/jvm/java-7-oracle/lib/amd64/jli/libjli.so
7fd73c3ff000-7fd73c418000 r-xp 00000000 08:05 2224113                    /lib/x86_64-linux-gnu/libpthread-2.19.so
7fd73c418000-7fd73c617000 ---p 00019000 08:05 2224113                    /lib/x86_64-linux-gnu/libpthread-2.19.so
7fd73c617000-7fd73c618000 r--p 00018000 08:05 2224113                    /lib/x86_64-linux-gnu/libpthread-2.19.so
7fd73c618000-7fd73c619000 rw-p 00019000 08:05 2224113                    /lib/x86_64-linux-gnu/libpthread-2.19.so
7fd73c619000-7fd73c61d000 rw-p 00000000 00:00 0 
7fd73c61d000-7fd73c640000 r-xp 00000000 08:05 2224109                    /lib/x86_64-linux-gnu/ld-2.19.so
7fd73c644000-7fd73c648000 r--s 0008b000 08:05 1202122                    /usr/lib/jvm/java-7-oracle/jre/lib/jsse.jar
7fd73c648000-7fd73c657000 r--s 000dd000 08:05 5250                       /opt/android-sdk-linux/build-tools/21.1.2/lib/dx.jar
7fd73c657000-7fd73c661000 rw-p 00000000 00:00 0 
7fd73c661000-7fd73c717000 rw-p 00000000 00:00 0 
7fd73c717000-7fd73c71a000 ---p 00000000 00:00 0 
7fd73c71a000-7fd73c833000 rw-p 00000000 00:00 0                          [stack:17340]
7fd73c833000-7fd73c83b000 rw-s 00000000 08:05 537065                     /tmp/hsperfdata_brian/17336
7fd73c83b000-7fd73c83c000 rw-p 00000000 00:00 0 
7fd73c83c000-7fd73c83d000 ---p 00000000 00:00 0 
7fd73c83d000-7fd73c83f000 rw-p 00000000 00:00 0 
7fd73c83f000-7fd73c840000 r--p 00022000 08:05 2224109                    /lib/x86_64-linux-gnu/ld-2.19.so
7fd73c840000-7fd73c841000 rw-p 00023000 08:05 2224109                    /lib/x86_64-linux-gnu/ld-2.19.so
7fd73c841000-7fd73c842000 rw-p 00000000 00:00 0 
7ffe3524c000-7ffe3526e000 rw-p 00000000 00:00 0                          [stack]
7ffe35364000-7ffe35366000 r-xp 00000000 00:00 0                          [vdso]
ffffffffff600000-ffffffffff601000 r-xp 00000000 00:00 0                  [vsyscall]

VM Arguments:
jvm_args: -Xmx1024M -Dfile.encoding=UTF-8 -Duser.country=US -Duser.language=en -Duser.variant 
java_command: com.android.dx.command.Main --dex --output /home/brian/Documents/Projects/OntheGo/app/build/intermediates/dex/debug /home/brian/Documents/Projects/OntheGo/app/build/intermediates/classes/debug /home/brian/Documents/Projects/OntheGo/app/build/intermediates/pre-dexed/debug/support-annotations-22.0.0-fbaccb92f7c7bfd9c90c0609c0c2cc1774dbd117.jar /home/brian/Documents/Projects/OntheGo/app/build/intermediates/pre-dexed/debug/classes-daf6ea69d874cc9d06914bec8dd346f6f18257f8.jar /home/brian/Documents/Projects/OntheGo/app/build/intermediates/pre-dexed/debug/classes-16a0564d20196159507dc45312f2fb7604185136.jar /home/brian/Documents/Projects/OntheGo/app/build/intermediates/pre-dexed/debug/classes-bfd7e71b9379fd8cf8750d60a5e9c9f2bc452781.jar /home/brian/Documents/Projects/OntheGo/app/build/intermediates/pre-dexed/debug/classes-073e373cb5c4b83326da2b4aa5881b756ace2ad2.jar /home/brian/Documents/Projects/OntheGo/app/build/intermediates/pre-dexed/debug/classes-d5975ac46589616c031ffd63e93f096d4eba53b1.jar /home/brian/Documents/Projects/OntheGo/app/build/intermediates/pre-dexed/debug/classes-fcab129b8179ea59a470b9abcade057f2867f9aa.jar /home/brian/Documents/Projects/OntheGo/app/build/intermediates/pre-dexed/debug/classes-f07fae2dbc6fac8e1434907a635647c083b1a08a.jar /home/brian/Documents/Projects/OntheGo/app/build/intermediates/pre-dexed/debug/classes-9f7c671631c3d6118c5b108028ea693e744041d9.jar /home/brian/Documents/Projects/OntheGo/app/build/intermediates/pre-dexed/debug/okio-1.3.0-f2b9fe4ead9d728191da52c450021c556568882c.jar /home/brian/Documents/Projects/OntheGo/app/build/intermediates/pre-dexed/debug/classes-fc265dcfe2659ead8d1390789843973bdd36ad5c.jar /home/brian/Documents/Projects/OntheGo/app/build/intermediates/pre-dexed/debug/classes-c000ceb4b4b58ceab959ae83234253e4c1640120.jar /home/brian/Documents/Projects/OntheGo/app/build/intermediates/pre-dexed/debug/classes-dda4fc49659a2e39f35d20c5237a0b15e34cf188.jar /home/brian/Documents/Projects/OntheGo/app/build/inte
Launcher Type: SUN_STANDARD

Environment Variables:
CLASSPATH=/opt/android-studio/bin/../lib/bootstrap.jar:/opt/android-studio/bin/../lib/extensions.jar:/opt/android-studio/bin/../lib/util.jar:/opt/android-studio/bin/../lib/jdom.jar:/opt/android-studio/bin/../lib/log4j.jar:/opt/android-studio/bin/../lib/trove4j.jar:/opt/android-studio/bin/../lib/jna.jar:/usr/lib/jvm/java-8-oracle/lib/tools.jar
PATH=/usr/local/sbin:/usr/local/bin:/usr/sbin:/usr/bin:/sbin:/bin:/usr/games:/usr/local/games
LD_LIBRARY_PATH=/opt/android-studio/bin:
SHELL=/bin/bash
DISPLAY=:0

Signal Handlers:
SIGSEGV: [libjvm.so+0x9a3b20], sa_mask[0]=0x7ffbfeff, sa_flags=0x10000004
SIGBUS: [libjvm.so+0x9a3b20], sa_mask[0]=0x7ffbfeff, sa_flags=0x10000004
SIGFPE: [libjvm.so+0x81e740], sa_mask[0]=0x7ffbfeff, sa_flags=0x10000004
SIGPIPE: [libjvm.so+0x81e740], sa_mask[0]=0x7ffbfeff, sa_flags=0x10000004
SIGXFSZ: [libjvm.so+0x81e740], sa_mask[0]=0x7ffbfeff, sa_flags=0x10000004
SIGILL: [libjvm.so+0x81e740], sa_mask[0]=0x7ffbfeff, sa_flags=0x10000004
SIGUSR1: SIG_DFL, sa_mask[0]=0x00000000, sa_flags=0x00000000
SIGUSR2: [libjvm.so+0x81ffb0], sa_mask[0]=0x00000004, sa_flags=0x10000004
SIGHUP: [libjvm.so+0x8210d0], sa_mask[0]=0x7ffbfeff, sa_flags=0x10000004
SIGINT: [libjvm.so+0x8210d0], sa_mask[0]=0x7ffbfeff, sa_flags=0x10000004
SIGTERM: [libjvm.so+0x8210d0], sa_mask[0]=0x7ffbfeff, sa_flags=0x10000004
SIGQUIT: [libjvm.so+0x8210d0], sa_mask[0]=0x7ffbfeff, sa_flags=0x10000004


---------------  S Y S T E M  ---------------

OS:jessie/sid

uname:Linux 3.13.0-49-generic #83-Ubuntu SMP Fri Apr 10 20:11:33 UTC 2015 x86_64
libc:glibc 2.19 NPTL 2.19 
rlimit: STACK 8192k, CORE 0k, NPROC 62792, NOFILE 4096, AS infinity
load average:1.70 1.41 1.18

/proc/meminfo:
MemTotal:        8086616 kB
MemFree:          110588 kB
Buffers:            3588 kB
Cached:          2122172 kB
SwapCached:            0 kB
Active:          5353644 kB
Inactive:        1803592 kB
Active(anon):    5302084 kB
Inactive(anon):  1751532 kB
Active(file):      51560 kB
Inactive(file):    52060 kB
Unevictable:          64 kB
Mlocked:              64 kB
SwapTotal:             0 kB
SwapFree:              0 kB
Dirty:              5840 kB
Writeback:             0 kB
AnonPages:       5029496 kB
Mapped:          1657056 kB
Shmem:           2024244 kB
Slab:              99940 kB
SReclaimable:      44940 kB
SUnreclaim:        55000 kB
KernelStack:        6736 kB
PageTables:        56112 kB
NFS_Unstable:          0 kB
Bounce:                0 kB
WritebackTmp:          0 kB
CommitLimit:     4043308 kB
Committed_AS:   12029052 kB
VmallocTotal:   34359738367 kB
VmallocUsed:      362480 kB
VmallocChunk:   34359358332 kB
HardwareCorrupted:     0 kB
AnonHugePages:   2230272 kB
HugePages_Total:       0
HugePages_Free:        0
HugePages_Rsvd:        0
HugePages_Surp:        0
Hugepagesize:       2048 kB
DirectMap4k:       98656 kB
DirectMap2M:     5054464 kB
DirectMap1G:     3145728 kB


CPU:total 8 (4 cores per cpu, 2 threads per core) family 6 model 60 stepping 3, cmov, cx8, fxsr, mmx, sse, sse2, sse3, ssse3, sse4.1, sse4.2, popcnt, avx, avx2, aes, erms, ht, tsc, tscinvbit

/proc/cpuinfo:
processor	: 0
vendor_id	: GenuineIntel
cpu family	: 6
model		: 60
model name	: Intel(R) Core(TM) i7-4700MQ CPU @ 2.40GHz
stepping	: 3
microcode	: 0x8
cpu MHz		: 2401.000
cache size	: 6144 KB
physical id	: 0
siblings	: 8
core id		: 0
cpu cores	: 4
apicid		: 0
initial apicid	: 0
fpu		: yes
fpu_exception	: yes
cpuid level	: 13
wp		: yes
flags		: fpu vme de pse tsc msr pae mce cx8 apic sep mtrr pge mca cmov pat pse36 clflush dts acpi mmx fxsr sse sse2 ss ht tm pbe syscall nx pdpe1gb rdtscp lm constant_tsc arch_perfmon pebs bts rep_good nopl xtopology nonstop_tsc aperfmperf eagerfpu pni pclmulqdq dtes64 monitor ds_cpl vmx est tm2 ssse3 fma cx16 xtpr pdcm pcid sse4_1 sse4_2 movbe popcnt tsc_deadline_timer aes xsave avx f16c rdrand lahf_lm abm ida arat epb xsaveopt pln pts dtherm tpr_shadow vnmi flexpriority ept vpid fsgsbase tsc_adjust bmi1 avx2 smep bmi2 erms invpcid
bogomips	: 4788.48
clflush size	: 64
cache_alignment	: 64
address sizes	: 39 bits physical, 48 bits virtual
power management:

processor	: 1
vendor_id	: GenuineIntel
cpu family	: 6
model		: 60
model name	: Intel(R) Core(TM) i7-4700MQ CPU @ 2.40GHz
stepping	: 3
microcode	: 0x8
cpu MHz		: 2401.000
cache size	: 6144 KB
physical id	: 0
siblings	: 8
core id		: 1
cpu cores	: 4
apicid		: 2
initial apicid	: 2
fpu		: yes
fpu_exception	: yes
cpuid level	: 13
wp		: yes
flags		: fpu vme de pse tsc msr pae mce cx8 apic sep mtrr pge mca cmov pat pse36 clflush dts acpi mmx fxsr sse sse2 ss ht tm pbe syscall nx pdpe1gb rdtscp lm constant_tsc arch_perfmon pebs bts rep_good nopl xtopology nonstop_tsc aperfmperf eagerfpu pni pclmulqdq dtes64 monitor ds_cpl vmx est tm2 ssse3 fma cx16 xtpr pdcm pcid sse4_1 sse4_2 movbe popcnt tsc_deadline_timer aes xsave avx f16c rdrand lahf_lm abm ida arat epb xsaveopt pln pts dtherm tpr_shadow vnmi flexpriority ept vpid fsgsbase tsc_adjust bmi1 avx2 smep bmi2 erms invpcid
bogomips	: 4788.48
clflush size	: 64
cache_alignment	: 64
address sizes	: 39 bits physical, 48 bits virtual
power management:

processor	: 2
vendor_id	: GenuineIntel
cpu family	: 6
model		: 60
model name	: Intel(R) Core(TM) i7-4700MQ CPU @ 2.40GHz
stepping	: 3
microcode	: 0x8
cpu MHz		: 800.000
cache size	: 6144 KB
physical id	: 0
siblings	: 8
core id		: 2
cpu cores	: 4
apicid		: 4
initial apicid	: 4
fpu		: yes
fpu_exception	: yes
cpuid level	: 13
wp		: yes
flags		: fpu vme de pse tsc msr pae mce cx8 apic sep mtrr pge mca cmov pat pse36 clflush dts acpi mmx fxsr sse sse2 ss ht tm pbe syscall nx pdpe1gb rdtscp lm constant_tsc arch_perfmon pebs bts rep_good nopl xtopology nonstop_tsc aperfmperf eagerfpu pni pclmulqdq dtes64 monitor ds_cpl vmx est tm2 ssse3 fma cx16 xtpr pdcm pcid sse4_1 sse4_2 movbe popcnt tsc_deadline_timer aes xsave avx f16c rdrand lahf_lm abm ida arat epb xsaveopt pln pts dtherm tpr_shadow vnmi flexpriority ept vpid fsgsbase tsc_adjust bmi1 avx2 smep bmi2 erms invpcid
bogomips	: 4788.48
clflush size	: 64
cache_alignment	: 64
address sizes	: 39 bits physical, 48 bits virtual
power management:

processor	: 3
vendor_id	: GenuineIntel
cpu family	: 6
model		: 60
model name	: Intel(R) Core(TM) i7-4700MQ CPU @ 2.40GHz
stepping	: 3
microcode	: 0x8
cpu MHz		: 1800.000
cache size	: 6144 KB
physical id	: 0
siblings	: 8
core id		: 3
cpu cores	: 4
apicid		: 6
initial apicid	: 6
fpu		: yes
fpu_exception	: yes
cpuid level	: 13
wp		: yes
flags		: fpu vme de pse tsc msr pae mce cx8 apic sep mtrr pge mca cmov pat pse36 clflush dts acpi mmx fxsr sse sse2 ss ht tm pbe syscall nx pdpe1gb rdtscp lm constant_tsc arch_perfmon pebs bts rep_good nopl xtopology nonstop_tsc aperfmperf eagerfpu pni pclmulqdq dtes64 monitor ds_cpl vmx est tm2 ssse3 fma cx16 xtpr pdcm pcid sse4_1 sse4_2 movbe popcnt tsc_deadline_timer aes xsave avx f16c rdrand lahf_lm abm ida arat epb xsaveopt pln pts dtherm tpr_shadow vnmi flexpriority ept vpid fsgsbase tsc_adjust bmi1 avx2 smep bmi2 erms invpcid
bogomips	: 4788.48
clflush size	: 64
cache_alignment	: 64
address sizes	: 39 bits physical, 48 bits virtual
power management:

processor	: 4
vendor_id	: GenuineIntel
cpu family	: 6
model		: 60
model name	: Intel(R) Core(TM) i7-4700MQ CPU @ 2.40GHz
stepping	: 3
microcode	: 0x8
cpu MHz		: 2300.000
cache size	: 6144 KB
physical id	: 0
siblings	: 8
core id		: 0
cpu cores	: 4
apicid		: 1
initial apicid	: 1
fpu		: yes
fpu_exception	: yes
cpuid level	: 13
wp		: yes
flags		: fpu vme de pse tsc msr pae mce cx8 apic sep mtrr pge mca cmov pat pse36 clflush dts acpi mmx fxsr sse sse2 ss ht tm pbe syscall nx pdpe1gb rdtscp lm constant_tsc arch_perfmon pebs bts rep_good nopl xtopology nonstop_tsc aperfmperf eagerfpu pni pclmulqdq dtes64 monitor ds_cpl vmx est tm2 ssse3 fma cx16 xtpr pdcm pcid sse4_1 sse4_2 movbe popcnt tsc_deadline_timer aes xsave avx f16c rdrand lahf_lm abm ida arat epb xsaveopt pln pts dtherm tpr_shadow vnmi flexpriority ept vpid fsgsbase tsc_adjust bmi1 avx2 smep bmi2 erms invpcid
bogomips	: 4788.48
clflush size	: 64
cache_alignment	: 64
address sizes	: 39 bits physical, 48 bits virtual
power management:

processor	: 5
vendor_id	: GenuineIntel
cpu family	: 6
model		: 60
model name	: Intel(R) Core(TM) i7-4700MQ CPU @ 2.40GHz
stepping	: 3
microcode	: 0x8
cpu MHz		: 2401.000
cache size	: 6144 KB
physical id	: 0
siblings	: 8
core id		: 1
cpu cores	: 4
apicid		: 3
initial apicid	: 3
fpu		: yes
fpu_exception	: yes
cpuid level	: 13
wp		: yes
flags		: fpu vme de pse tsc msr pae mce cx8 apic sep mtrr pge mca cmov pat pse36 clflush dts acpi mmx fxsr sse sse2 ss ht tm pbe syscall nx pdpe1gb rdtscp lm constant_tsc arch_perfmon pebs bts rep_good nopl xtopology nonstop_tsc aperfmperf eagerfpu pni pclmulqdq dtes64 monitor ds_cpl vmx est tm2 ssse3 fma cx16 xtpr pdcm pcid sse4_1 sse4_2 movbe popcnt tsc_deadline_timer aes xsave avx f16c rdrand lahf_lm abm ida arat epb xsaveopt pln pts dtherm tpr_shadow vnmi flexpriority ept vpid fsgsbase tsc_adjust bmi1 avx2 smep bmi2 erms invpcid
bogomips	: 4788.48
clflush size	: 64
cache_alignment	: 64
address sizes	: 39 bits physical, 48 bits virtual
power management:

processor	: 6
vendor_id	: GenuineIntel
cpu family	: 6
model		: 60
model name	: Intel(R) Core(TM) i7-4700MQ CPU @ 2.40GHz
stepping	: 3
microcode	: 0x8
cpu MHz		: 2401.000
cache size	: 6144 KB
physical id	: 0
siblings	: 8
core id		: 2
cpu cores	: 4
apicid		: 5
initial apicid	: 5
fpu		: yes
fpu_exception	: yes
cpuid level	: 13
wp		: yes
flags		: fpu vme de pse tsc msr pae mce cx8 apic sep mtrr pge mca cmov pat pse36 clflush dts acpi mmx fxsr sse sse2 ss ht tm pbe syscall nx pdpe1gb rdtscp lm constant_tsc arch_perfmon pebs bts rep_good nopl xtopology nonstop_tsc aperfmperf eagerfpu pni pclmulqdq dtes64 monitor ds_cpl vmx est tm2 ssse3 fma cx16 xtpr pdcm pcid sse4_1 sse4_2 movbe popcnt tsc_deadline_timer aes xsave avx f16c rdrand lahf_lm abm ida arat epb xsaveopt pln pts dtherm tpr_shadow vnmi flexpriority ept vpid fsgsbase tsc_adjust bmi1 avx2 smep bmi2 erms invpcid
bogomips	: 4788.48
clflush size	: 64
cache_alignment	: 64
address sizes	: 39 bits physical, 48 bits virtual
power management:

processor	: 7
vendor_id	: GenuineIntel
cpu family	: 6
model		: 60
model name	: Intel(R) Core(TM) i7-4700MQ CPU @ 2.40GHz
stepping	: 3
microcode	: 0x8
cpu MHz		: 800.000
cache size	: 6144 KB
physical id	: 0
siblings	: 8
core id		: 3
cpu cores	: 4
apicid		: 7
initial apicid	: 7
fpu		: yes
fpu_exception	: yes
cpuid level	: 13
wp		: yes
flags		: fpu vme de pse tsc msr pae mce cx8 apic sep mtrr pge mca cmov pat pse36 clflush dts acpi mmx fxsr sse sse2 ss ht tm pbe syscall nx pdpe1gb rdtscp lm constant_tsc arch_perfmon pebs bts rep_good nopl xtopology nonstop_tsc aperfmperf eagerfpu pni pclmulqdq dtes64 monitor ds_cpl vmx est tm2 ssse3 fma cx16 xtpr pdcm pcid sse4_1 sse4_2 movbe popcnt tsc_deadline_timer aes xsave avx f16c rdrand lahf_lm abm ida arat epb xsaveopt pln pts dtherm tpr_shadow vnmi flexpriority ept vpid fsgsbase tsc_adjust bmi1 avx2 smep bmi2 erms invpcid
bogomips	: 4788.48
clflush size	: 64
cache_alignment	: 64
address sizes	: 39 bits physical, 48 bits virtual
power management:



Memory: 4k page, physical 8086616k(110588k free), swap 0k(0k free)

vm_info: Java HotSpot(TM) 64-Bit Server VM (24.80-b11) for linux-amd64 JRE (1.7.0_80-b15), built on Apr 10 2015 19:53:14 by "java_re" with gcc 4.3.0 20080428 (Red Hat 4.3.0-8)

time: Tue Apr 21 22:37:38 2015
elapsed time: 2 seconds

